{"C:\\Users\\Hao\\Documents\\GitHub\\hao_tran_p1-api\\src\\errors\\errors.ts": {"path":"C:\\Users\\Hao\\Documents\\GitHub\\hao_tran_p1-api\\src\\errors\\errors.ts","statementMap":{"0":{"start":{"line":1,"column":0},"end":{"line":1,"column":null}},"1":{"start":{"line":9,"column":8},"end":{"line":9,"column":37}},"2":{"start":{"line":10,"column":8},"end":{"line":10,"column":55}},"3":{"start":{"line":11,"column":8},"end":{"line":11,"column":36}},"4":{"start":{"line":12,"column":8},"end":{"line":12,"column":72}},"5":{"start":{"line":15,"column":4},"end":{"line":17,"column":null}},"6":{"start":{"line":16,"column":8},"end":{"line":16,"column":31}},"7":{"start":{"line":19,"column":0},"end":{"line":19,"column":null}},"8":{"start":{"line":21,"column":0},"end":{"line":21,"column":null}},"9":{"start":{"line":21,"column":39},"end":{"line":21,"column":55}},"10":{"start":{"line":24,"column":8},"end":{"line":24,"column":null}},"11":{"start":{"line":25,"column":8},"end":{"line":25,"column":60}},"12":{"start":{"line":28,"column":0},"end":{"line":28,"column":null}},"13":{"start":{"line":85,"column":4},"end":{"line":85,"column":28}},"14":{"start":{"line":30,"column":0},"end":{"line":30,"column":null}},"15":{"start":{"line":30,"column":36},"end":{"line":30,"column":52}},"16":{"start":{"line":33,"column":8},"end":{"line":33,"column":null}},"17":{"start":{"line":34,"column":8},"end":{"line":34,"column":71}},"18":{"start":{"line":37,"column":0},"end":{"line":37,"column":null}},"19":{"start":{"line":84,"column":4},"end":{"line":84,"column":25}},"20":{"start":{"line":39,"column":0},"end":{"line":39,"column":null}},"21":{"start":{"line":39,"column":30},"end":{"line":39,"column":46}},"22":{"start":{"line":42,"column":8},"end":{"line":42,"column":null}},"23":{"start":{"line":43,"column":8},"end":{"line":43,"column":57}},"24":{"start":{"line":46,"column":0},"end":{"line":46,"column":null}},"25":{"start":{"line":86,"column":4},"end":{"line":86,"column":19}},"26":{"start":{"line":48,"column":0},"end":{"line":48,"column":null}},"27":{"start":{"line":48,"column":34},"end":{"line":48,"column":50}},"28":{"start":{"line":51,"column":8},"end":{"line":51,"column":null}},"29":{"start":{"line":52,"column":8},"end":{"line":52,"column":51}},"30":{"start":{"line":55,"column":0},"end":{"line":55,"column":null}},"31":{"start":{"line":87,"column":4},"end":{"line":87,"column":23}},"32":{"start":{"line":57,"column":0},"end":{"line":57,"column":null}},"33":{"start":{"line":57,"column":33},"end":{"line":57,"column":49}},"34":{"start":{"line":60,"column":8},"end":{"line":60,"column":null}},"35":{"start":{"line":61,"column":8},"end":{"line":61,"column":80}},"36":{"start":{"line":64,"column":0},"end":{"line":64,"column":null}},"37":{"start":{"line":89,"column":4},"end":{"line":89,"column":22}},"38":{"start":{"line":65,"column":0},"end":{"line":65,"column":null}},"39":{"start":{"line":65,"column":34},"end":{"line":65,"column":50}},"40":{"start":{"line":68,"column":8},"end":{"line":68,"column":null}},"41":{"start":{"line":69,"column":8},"end":{"line":69,"column":58}},"42":{"start":{"line":72,"column":0},"end":{"line":72,"column":null}},"43":{"start":{"line":90,"column":4},"end":{"line":90,"column":23}},"44":{"start":{"line":74,"column":0},"end":{"line":74,"column":null}},"45":{"start":{"line":74,"column":34},"end":{"line":74,"column":50}},"46":{"start":{"line":77,"column":8},"end":{"line":77,"column":null}},"47":{"start":{"line":78,"column":8},"end":{"line":78,"column":51}},"48":{"start":{"line":81,"column":0},"end":{"line":81,"column":null}},"49":{"start":{"line":88,"column":4},"end":{"line":88,"column":23}}},"fnMap":{"0":{"name":"(anonymous_6)","decl":{"start":{"line":1,"column":0},"end":{"line":1,"column":null}},"loc":{"start":{"line":1,"column":0},"end":{"line":19,"column":null}}},"1":{"name":"ApplicationError","decl":{"start":{"line":8,"column":4},"end":{"line":8,"column":16}},"loc":{"start":{"line":8,"column":48},"end":{"line":13,"column":5}}},"2":{"name":"(anonymous_8)","decl":{"start":{"line":15,"column":4},"end":{"line":15,"column":14}},"loc":{"start":{"line":15,"column":30},"end":{"line":17,"column":5}}},"3":{"name":"(anonymous_9)","decl":{"start":{"line":21,"column":0},"end":{"line":21,"column":39}},"loc":{"start":{"line":21,"column":0},"end":{"line":28,"column":null}}},"4":{"name":"ResourcePersistenceError","decl":{"start":{"line":23,"column":4},"end":{"line":23,"column":16}},"loc":{"start":{"line":23,"column":31},"end":{"line":26,"column":5}}},"5":{"name":"(anonymous_11)","decl":{"start":{"line":30,"column":0},"end":{"line":30,"column":36}},"loc":{"start":{"line":30,"column":0},"end":{"line":37,"column":null}}},"6":{"name":"ResourceNotFoundError","decl":{"start":{"line":32,"column":4},"end":{"line":32,"column":16}},"loc":{"start":{"line":32,"column":31},"end":{"line":35,"column":5}}},"7":{"name":"(anonymous_13)","decl":{"start":{"line":39,"column":0},"end":{"line":39,"column":30}},"loc":{"start":{"line":39,"column":0},"end":{"line":46,"column":null}}},"8":{"name":"BadRequestError","decl":{"start":{"line":41,"column":4},"end":{"line":41,"column":16}},"loc":{"start":{"line":41,"column":31},"end":{"line":44,"column":5}}},"9":{"name":"(anonymous_15)","decl":{"start":{"line":48,"column":0},"end":{"line":48,"column":34}},"loc":{"start":{"line":48,"column":0},"end":{"line":55,"column":null}}},"10":{"name":"AuthenticationError","decl":{"start":{"line":50,"column":4},"end":{"line":50,"column":16}},"loc":{"start":{"line":50,"column":31},"end":{"line":53,"column":5}}},"11":{"name":"(anonymous_17)","decl":{"start":{"line":57,"column":0},"end":{"line":57,"column":33}},"loc":{"start":{"line":57,"column":0},"end":{"line":64,"column":null}}},"12":{"name":"AuthorizationError","decl":{"start":{"line":59,"column":4},"end":{"line":59,"column":16}},"loc":{"start":{"line":59,"column":31},"end":{"line":62,"column":5}}},"13":{"name":"(anonymous_19)","decl":{"start":{"line":65,"column":0},"end":{"line":65,"column":34}},"loc":{"start":{"line":65,"column":0},"end":{"line":72,"column":null}}},"14":{"name":"InternalServerError","decl":{"start":{"line":67,"column":4},"end":{"line":67,"column":16}},"loc":{"start":{"line":67,"column":31},"end":{"line":70,"column":5}}},"15":{"name":"(anonymous_21)","decl":{"start":{"line":74,"column":0},"end":{"line":74,"column":34}},"loc":{"start":{"line":74,"column":0},"end":{"line":81,"column":null}}},"16":{"name":"NotImplementedError","decl":{"start":{"line":76,"column":4},"end":{"line":76,"column":16}},"loc":{"start":{"line":76,"column":31},"end":{"line":79,"column":5}}}},"branchMap":{"0":{"loc":{"start":{"line":12,"column":15},"end":{"line":12,"column":32}},"type":"cond-expr","locations":[{"start":{"line":12,"column":15},"end":{"line":12,"column":32}},{"start":{"line":12,"column":36},"end":{"line":12,"column":71}}]},"1":{"loc":{"start":{"line":24,"column":8},"end":{"line":24,"column":26}},"type":"binary-expr","locations":[{"start":{"line":24,"column":8},"end":{"line":24,"column":26}},{"start":{"line":24,"column":26},"end":{"line":24,"column":null}}]},"2":{"loc":{"start":{"line":33,"column":8},"end":{"line":33,"column":26}},"type":"binary-expr","locations":[{"start":{"line":33,"column":8},"end":{"line":33,"column":26}},{"start":{"line":33,"column":26},"end":{"line":33,"column":null}}]},"3":{"loc":{"start":{"line":42,"column":8},"end":{"line":42,"column":26}},"type":"binary-expr","locations":[{"start":{"line":42,"column":8},"end":{"line":42,"column":26}},{"start":{"line":42,"column":26},"end":{"line":42,"column":null}}]},"4":{"loc":{"start":{"line":51,"column":8},"end":{"line":51,"column":26}},"type":"binary-expr","locations":[{"start":{"line":51,"column":8},"end":{"line":51,"column":26}},{"start":{"line":51,"column":26},"end":{"line":51,"column":null}}]},"5":{"loc":{"start":{"line":60,"column":8},"end":{"line":60,"column":26}},"type":"binary-expr","locations":[{"start":{"line":60,"column":8},"end":{"line":60,"column":26}},{"start":{"line":60,"column":26},"end":{"line":60,"column":null}}]},"6":{"loc":{"start":{"line":68,"column":8},"end":{"line":68,"column":26}},"type":"binary-expr","locations":[{"start":{"line":68,"column":8},"end":{"line":68,"column":26}},{"start":{"line":68,"column":26},"end":{"line":68,"column":null}}]},"7":{"loc":{"start":{"line":77,"column":8},"end":{"line":77,"column":26}},"type":"binary-expr","locations":[{"start":{"line":77,"column":8},"end":{"line":77,"column":26}},{"start":{"line":77,"column":26},"end":{"line":77,"column":null}}]}},"s":{"0":4,"1":48,"2":48,"3":48,"4":48,"5":4,"6":48,"7":4,"8":4,"9":4,"10":2,"11":2,"12":4,"13":4,"14":4,"15":4,"16":7,"17":7,"18":4,"19":4,"20":4,"21":4,"22":22,"23":22,"24":4,"25":4,"26":4,"27":4,"28":1,"29":1,"30":4,"31":4,"32":4,"33":4,"34":0,"35":0,"36":4,"37":4,"38":4,"39":4,"40":15,"41":15,"42":4,"43":4,"44":4,"45":4,"46":1,"47":1,"48":4,"49":4},"f":{"0":4,"1":48,"2":48,"3":4,"4":2,"5":4,"6":7,"7":4,"8":22,"9":4,"10":1,"11":4,"12":0,"13":4,"14":15,"15":4,"16":1},"b":{"0":[0,48],"1":[2,2],"2":[7,7],"3":[22,22],"4":[1,1],"5":[0,0],"6":[15,15],"7":[1,1]}}
,"C:\\Users\\Hao\\Documents\\GitHub\\hao_tran_p1-api\\src\\models\\reimb.ts": {"path":"C:\\Users\\Hao\\Documents\\GitHub\\hao_tran_p1-api\\src\\models\\reimb.ts","statementMap":{"0":{"start":{"line":1,"column":0},"end":{"line":1,"column":13}},"1":{"start":{"line":26,"column":8},"end":{"line":26,"column":27}},"2":{"start":{"line":27,"column":8},"end":{"line":27,"column":25}},"3":{"start":{"line":28,"column":8},"end":{"line":28,"column":29}},"4":{"start":{"line":29,"column":8},"end":{"line":29,"column":28}},"5":{"start":{"line":30,"column":8},"end":{"line":30,"column":31}},"6":{"start":{"line":31,"column":8},"end":{"line":31,"column":27}},"7":{"start":{"line":32,"column":8},"end":{"line":32,"column":27}},"8":{"start":{"line":33,"column":8},"end":{"line":33,"column":29}},"9":{"start":{"line":34,"column":8},"end":{"line":34,"column":36}},"10":{"start":{"line":35,"column":8},"end":{"line":35,"column":34}},"11":{"start":{"line":38,"column":0},"end":{"line":38,"column":null}},"12":{"start":{"line":1,"column":13},"end":{"line":1,"column":18}}},"fnMap":{"0":{"name":"(anonymous_0)","decl":{"start":{"line":1,"column":0},"end":{"line":1,"column":13}},"loc":{"start":{"line":1,"column":0},"end":{"line":38,"column":null}}},"1":{"name":"Reimb","decl":{"start":{"line":14,"column":4},"end":{"line":14,"column":null}},"loc":{"start":{"line":24,"column":23},"end":{"line":36,"column":5}}}},"branchMap":{},"s":{"0":2,"1":26,"2":26,"3":26,"4":26,"5":26,"6":26,"7":26,"8":26,"9":26,"10":26,"11":2,"12":2},"f":{"0":2,"1":26},"b":{}}
,"C:\\Users\\Hao\\Documents\\GitHub\\hao_tran_p1-api\\src\\models\\user.ts": {"path":"C:\\Users\\Hao\\Documents\\GitHub\\hao_tran_p1-api\\src\\models\\user.ts","statementMap":{"0":{"start":{"line":1,"column":0},"end":{"line":1,"column":13}},"1":{"start":{"line":20,"column":8},"end":{"line":20,"column":30}},"2":{"start":{"line":21,"column":8},"end":{"line":21,"column":27}},"3":{"start":{"line":22,"column":8},"end":{"line":22,"column":31}},"4":{"start":{"line":23,"column":8},"end":{"line":23,"column":29}},"5":{"start":{"line":24,"column":8},"end":{"line":24,"column":28}},"6":{"start":{"line":25,"column":8},"end":{"line":25,"column":27}},"7":{"start":{"line":26,"column":8},"end":{"line":26,"column":30}},"8":{"start":{"line":29,"column":0},"end":{"line":29,"column":null}},"9":{"start":{"line":1,"column":13},"end":{"line":1,"column":17}}},"fnMap":{"0":{"name":"(anonymous_0)","decl":{"start":{"line":1,"column":0},"end":{"line":1,"column":13}},"loc":{"start":{"line":1,"column":0},"end":{"line":29,"column":null}}},"1":{"name":"User","decl":{"start":{"line":11,"column":4},"end":{"line":11,"column":null}},"loc":{"start":{"line":18,"column":20},"end":{"line":27,"column":5}}}},"branchMap":{},"s":{"0":2,"1":29,"2":29,"3":29,"4":29,"5":29,"6":29,"7":29,"8":2,"9":2},"f":{"0":2,"1":29},"b":{}}
,"C:\\Users\\Hao\\Documents\\GitHub\\hao_tran_p1-api\\src\\repos\\reimb-repo.ts": {"path":"C:\\Users\\Hao\\Documents\\GitHub\\hao_tran_p1-api\\src\\repos\\reimb-repo.ts","statementMap":{"0":{"start":{"line":3,"column":0},"end":{"line":3,"column":null}},"1":{"start":{"line":7,"column":0},"end":{"line":7,"column":36}},"2":{"start":{"line":8,"column":0},"end":{"line":8,"column":62}},"3":{"start":{"line":10,"column":0},"end":{"line":10,"column":13}},"4":{"start":{"line":12,"column":4},"end":{"line":39,"column":6}},"5":{"start":{"line":45,"column":10},"end":{"line":57,"column":null}},"6":{"start":{"line":48,"column":21},"end":{"line":48,"column":52}},"7":{"start":{"line":48,"column":12},"end":{"line":48,"column":52}},"8":{"start":{"line":49,"column":16},"end":{"line":49,"column":42}},"9":{"start":{"line":50,"column":21},"end":{"line":50,"column":null}},"10":{"start":{"line":50,"column":16},"end":{"line":50,"column":null}},"11":{"start":{"line":51,"column":12},"end":{"line":51,"column":50}},"12":{"start":{"line":53,"column":12},"end":{"line":53,"column":44}},"13":{"start":{"line":55,"column":12},"end":{"line":55,"column":39}},"14":{"start":{"line":65,"column":10},"end":{"line":77,"column":null}},"15":{"start":{"line":68,"column":21},"end":{"line":68,"column":52}},"16":{"start":{"line":68,"column":12},"end":{"line":68,"column":52}},"17":{"start":{"line":69,"column":16},"end":{"line":69,"column":62}},"18":{"start":{"line":70,"column":21},"end":{"line":70,"column":null}},"19":{"start":{"line":70,"column":16},"end":{"line":70,"column":null}},"20":{"start":{"line":71,"column":12},"end":{"line":71,"column":49}},"21":{"start":{"line":73,"column":12},"end":{"line":73,"column":44}},"22":{"start":{"line":75,"column":12},"end":{"line":75,"column":39}},"23":{"start":{"line":79,"column":10},"end":{"line":91,"column":null}},"24":{"start":{"line":82,"column":21},"end":{"line":82,"column":52}},"25":{"start":{"line":82,"column":12},"end":{"line":82,"column":52}},"26":{"start":{"line":83,"column":16},"end":{"line":83,"column":63}},"27":{"start":{"line":84,"column":21},"end":{"line":84,"column":null}},"28":{"start":{"line":84,"column":16},"end":{"line":84,"column":null}},"29":{"start":{"line":85,"column":12},"end":{"line":85,"column":50}},"30":{"start":{"line":87,"column":12},"end":{"line":87,"column":44}},"31":{"start":{"line":89,"column":12},"end":{"line":89,"column":39}},"32":{"start":{"line":98,"column":10},"end":{"line":110,"column":null}},"33":{"start":{"line":101,"column":21},"end":{"line":101,"column":52}},"34":{"start":{"line":101,"column":12},"end":{"line":101,"column":52}},"35":{"start":{"line":102,"column":16},"end":{"line":102,"column":63}},"36":{"start":{"line":103,"column":21},"end":{"line":103,"column":null}},"37":{"start":{"line":103,"column":16},"end":{"line":103,"column":null}},"38":{"start":{"line":104,"column":12},"end":{"line":104,"column":49}},"39":{"start":{"line":106,"column":12},"end":{"line":106,"column":44}},"40":{"start":{"line":108,"column":12},"end":{"line":108,"column":39}},"41":{"start":{"line":112,"column":10},"end":{"line":139,"column":null}},"42":{"start":{"line":115,"column":21},"end":{"line":115,"column":52}},"43":{"start":{"line":115,"column":12},"end":{"line":115,"column":52}},"44":{"start":{"line":116,"column":16},"end":{"line":116,"column":22}},"45":{"start":{"line":118,"column":20},"end":{"line":118,"column":90}},"46":{"start":{"line":119,"column":25},"end":{"line":119,"column":null}},"47":{"start":{"line":119,"column":20},"end":{"line":119,"column":null}},"48":{"start":{"line":120,"column":16},"end":{"line":120,"column":54}},"49":{"start":{"line":121,"column":22},"end":{"line":121,"column":28}},"50":{"start":{"line":123,"column":20},"end":{"line":123,"column":70}},"51":{"start":{"line":124,"column":25},"end":{"line":124,"column":null}},"52":{"start":{"line":124,"column":20},"end":{"line":124,"column":null}},"53":{"start":{"line":126,"column":16},"end":{"line":126,"column":54}},"54":{"start":{"line":127,"column":22},"end":{"line":127,"column":26}},"55":{"start":{"line":128,"column":20},"end":{"line":128,"column":68}},"56":{"start":{"line":129,"column":25},"end":{"line":129,"column":null}},"57":{"start":{"line":129,"column":20},"end":{"line":129,"column":null}},"58":{"start":{"line":130,"column":16},"end":{"line":130,"column":54}},"59":{"start":{"line":135,"column":12},"end":{"line":135,"column":44}},"60":{"start":{"line":137,"column":12},"end":{"line":137,"column":39}},"61":{"start":{"line":146,"column":10},"end":{"line":183,"column":null}},"62":{"start":{"line":149,"column":21},"end":{"line":149,"column":52}},"63":{"start":{"line":149,"column":12},"end":{"line":149,"column":52}},"64":{"start":{"line":150,"column":33},"end":{"line":150,"column":142}},"65":{"start":{"line":150,"column":16},"end":{"line":150,"column":null}},"66":{"start":{"line":151,"column":29},"end":{"line":151,"column":124}},"67":{"start":{"line":151,"column":16},"end":{"line":151,"column":null}},"68":{"start":{"line":153,"column":16},"end":{"line":156,"column":14}},"69":{"start":{"line":157,"column":21},"end":{"line":171,"column":null}},"70":{"start":{"line":157,"column":16},"end":{"line":171,"column":null}},"71":{"start":{"line":173,"column":12},"end":{"line":173,"column":43}},"72":{"start":{"line":175,"column":12},"end":{"line":175,"column":28}},"73":{"start":{"line":178,"column":12},"end":{"line":178,"column":44}},"74":{"start":{"line":180,"column":12},"end":{"line":180,"column":39}},"75":{"start":{"line":190,"column":10},"end":{"line":220,"column":null}},"76":{"start":{"line":193,"column":21},"end":{"line":193,"column":52}},"77":{"start":{"line":193,"column":12},"end":{"line":193,"column":52}},"78":{"start":{"line":194,"column":33},"end":{"line":194,"column":146}},"79":{"start":{"line":194,"column":16},"end":{"line":194,"column":null}},"80":{"start":{"line":195,"column":35},"end":{"line":195,"column":157}},"81":{"start":{"line":195,"column":16},"end":{"line":195,"column":null}},"82":{"start":{"line":196,"column":31},"end":{"line":196,"column":132}},"83":{"start":{"line":196,"column":16},"end":{"line":196,"column":null}},"84":{"start":{"line":197,"column":29},"end":{"line":197,"column":128}},"85":{"start":{"line":197,"column":16},"end":{"line":197,"column":null}},"86":{"start":{"line":199,"column":16},"end":{"line":199,"column":226}},"87":{"start":{"line":200,"column":21},"end":{"line":212,"column":null}},"88":{"start":{"line":200,"column":16},"end":{"line":212,"column":null}},"89":{"start":{"line":213,"column":12},"end":{"line":213,"column":24}},"90":{"start":{"line":215,"column":12},"end":{"line":215,"column":44}},"91":{"start":{"line":217,"column":12},"end":{"line":217,"column":39}},"92":{"start":{"line":227,"column":10},"end":{"line":240,"column":null}},"93":{"start":{"line":230,"column":21},"end":{"line":230,"column":52}},"94":{"start":{"line":230,"column":12},"end":{"line":230,"column":52}},"95":{"start":{"line":231,"column":16},"end":{"line":231,"column":67}},"96":{"start":{"line":232,"column":21},"end":{"line":232,"column":null}},"97":{"start":{"line":232,"column":16},"end":{"line":232,"column":null}},"98":{"start":{"line":233,"column":12},"end":{"line":233,"column":24}},"99":{"start":{"line":235,"column":12},"end":{"line":235,"column":44}},"100":{"start":{"line":237,"column":12},"end":{"line":237,"column":39}},"101":{"start":{"line":242,"column":0},"end":{"line":242,"column":null}},"102":{"start":{"line":10,"column":13},"end":{"line":10,"column":28}}},"fnMap":{"0":{"name":"(anonymous_13)","decl":{"start":{"line":10,"column":0},"end":{"line":10,"column":13}},"loc":{"start":{"line":10,"column":0},"end":{"line":242,"column":null}}},"1":{"name":"(anonymous_15)","decl":{"start":{"line":45,"column":4},"end":{"line":45,"column":10}},"loc":{"start":{"line":45,"column":4},"end":{"line":57,"column":null}}},"2":{"name":"(anonymous_18)","decl":{"start":{"line":65,"column":4},"end":{"line":65,"column":10}},"loc":{"start":{"line":65,"column":28},"end":{"line":77,"column":null}}},"3":{"name":"(anonymous_21)","decl":{"start":{"line":79,"column":4},"end":{"line":79,"column":10}},"loc":{"start":{"line":79,"column":32},"end":{"line":91,"column":null}}},"4":{"name":"(anonymous_24)","decl":{"start":{"line":98,"column":4},"end":{"line":98,"column":10}},"loc":{"start":{"line":98,"column":51},"end":{"line":110,"column":null}}},"5":{"name":"(anonymous_27)","decl":{"start":{"line":112,"column":4},"end":{"line":112,"column":10}},"loc":{"start":{"line":112,"column":49},"end":{"line":139,"column":null}}},"6":{"name":"(anonymous_30)","decl":{"start":{"line":146,"column":4},"end":{"line":146,"column":10}},"loc":{"start":{"line":146,"column":30},"end":{"line":183,"column":null}}},"7":{"name":"(anonymous_33)","decl":{"start":{"line":190,"column":4},"end":{"line":190,"column":10}},"loc":{"start":{"line":190,"column":36},"end":{"line":220,"column":null}}},"8":{"name":"(anonymous_36)","decl":{"start":{"line":227,"column":4},"end":{"line":227,"column":10}},"loc":{"start":{"line":227,"column":31},"end":{"line":240,"column":null}}}},"branchMap":{"0":{"loc":{"start":{"line":55,"column":12},"end":{"line":55,"column":18}},"type":"binary-expr","locations":[{"start":{"line":55,"column":12},"end":{"line":55,"column":18}},{"start":{"line":55,"column":22},"end":{"line":55,"column":38}}]},"1":{"loc":{"start":{"line":75,"column":12},"end":{"line":75,"column":18}},"type":"binary-expr","locations":[{"start":{"line":75,"column":12},"end":{"line":75,"column":18}},{"start":{"line":75,"column":22},"end":{"line":75,"column":38}}]},"2":{"loc":{"start":{"line":89,"column":12},"end":{"line":89,"column":18}},"type":"binary-expr","locations":[{"start":{"line":89,"column":12},"end":{"line":89,"column":18}},{"start":{"line":89,"column":22},"end":{"line":89,"column":38}}]},"3":{"loc":{"start":{"line":108,"column":12},"end":{"line":108,"column":18}},"type":"binary-expr","locations":[{"start":{"line":108,"column":12},"end":{"line":108,"column":18}},{"start":{"line":108,"column":22},"end":{"line":108,"column":38}}]},"4":{"loc":{"start":{"line":116,"column":16},"end":{"line":116,"column":22}},"type":"if","locations":[{"start":{"line":116,"column":16},"end":{"line":116,"column":22}},{"start":{"line":116,"column":16},"end":{"line":116,"column":22}}]},"5":{"loc":{"start":{"line":116,"column":16},"end":{"line":116,"column":22}},"type":"binary-expr","locations":[{"start":{"line":116,"column":16},"end":{"line":116,"column":22}},{"start":{"line":116,"column":26},"end":{"line":116,"column":30}}]},"6":{"loc":{"start":{"line":121,"column":22},"end":{"line":121,"column":28}},"type":"if","locations":[{"start":{"line":121,"column":22},"end":{"line":121,"column":28}},{"start":{"line":121,"column":22},"end":{"line":121,"column":28}}]},"7":{"loc":{"start":{"line":127,"column":22},"end":{"line":127,"column":26}},"type":"if","locations":[{"start":{"line":127,"column":22},"end":{"line":127,"column":26}},{"start":{"line":127,"column":22},"end":{"line":127,"column":26}}]},"8":{"loc":{"start":{"line":137,"column":12},"end":{"line":137,"column":18}},"type":"binary-expr","locations":[{"start":{"line":137,"column":12},"end":{"line":137,"column":18}},{"start":{"line":137,"column":22},"end":{"line":137,"column":38}}]},"9":{"loc":{"start":{"line":180,"column":12},"end":{"line":180,"column":18}},"type":"binary-expr","locations":[{"start":{"line":180,"column":12},"end":{"line":180,"column":18}},{"start":{"line":180,"column":22},"end":{"line":180,"column":38}}]},"10":{"loc":{"start":{"line":217,"column":12},"end":{"line":217,"column":18}},"type":"binary-expr","locations":[{"start":{"line":217,"column":12},"end":{"line":217,"column":18}},{"start":{"line":217,"column":22},"end":{"line":217,"column":38}}]},"11":{"loc":{"start":{"line":237,"column":12},"end":{"line":237,"column":18}},"type":"binary-expr","locations":[{"start":{"line":237,"column":12},"end":{"line":237,"column":18}},{"start":{"line":237,"column":22},"end":{"line":237,"column":38}}]}},"s":{"0":1,"1":1,"2":1,"3":1,"4":1,"5":1,"6":3,"7":3,"8":3,"9":3,"10":2,"11":2,"12":1,"13":3,"14":1,"15":3,"16":3,"17":3,"18":3,"19":3,"20":3,"21":1,"22":3,"23":1,"24":2,"25":2,"26":2,"27":2,"28":1,"29":1,"30":1,"31":2,"32":1,"33":3,"34":3,"35":3,"36":3,"37":2,"38":2,"39":1,"40":3,"41":1,"42":4,"43":4,"44":6,"45":2,"46":2,"47":1,"48":1,"49":3,"50":1,"51":1,"52":1,"53":1,"54":1,"55":1,"56":1,"57":1,"58":1,"59":1,"60":4,"61":1,"62":3,"63":3,"64":3,"65":2,"66":2,"67":2,"68":2,"69":2,"70":2,"71":2,"72":2,"73":1,"74":3,"75":1,"76":2,"77":2,"78":2,"79":1,"80":1,"81":1,"82":1,"83":1,"84":1,"85":1,"86":1,"87":1,"88":1,"89":1,"90":1,"91":2,"92":1,"93":2,"94":2,"95":2,"96":2,"97":1,"98":1,"99":1,"100":2,"101":1,"102":1},"f":{"0":2,"1":3,"2":3,"3":2,"4":3,"5":4,"6":3,"7":2,"8":2},"b":{"0":[3,3],"1":[3,3],"2":[2,2],"3":[3,3],"4":[2,2],"5":[4,3],"6":[1,1],"7":[0,1],"8":[4,4],"9":[3,3],"10":[2,2],"11":[2,2]}}
,"C:\\Users\\Hao\\Documents\\GitHub\\hao_tran_p1-api\\src\\repos\\user-repo.ts": {"path":"C:\\Users\\Hao\\Documents\\GitHub\\hao_tran_p1-api\\src\\repos\\user-repo.ts","statementMap":{"0":{"start":{"line":3,"column":0},"end":{"line":3,"column":null}},"1":{"start":{"line":7,"column":0},"end":{"line":7,"column":36}},"2":{"start":{"line":8,"column":0},"end":{"line":8,"column":61}},"3":{"start":{"line":10,"column":0},"end":{"line":10,"column":13}},"4":{"start":{"line":12,"column":4},"end":{"line":25,"column":6}},"5":{"start":{"line":31,"column":10},"end":{"line":43,"column":null}},"6":{"start":{"line":34,"column":21},"end":{"line":34,"column":52}},"7":{"start":{"line":34,"column":12},"end":{"line":34,"column":52}},"8":{"start":{"line":35,"column":16},"end":{"line":35,"column":42}},"9":{"start":{"line":36,"column":21},"end":{"line":36,"column":null}},"10":{"start":{"line":36,"column":16},"end":{"line":36,"column":null}},"11":{"start":{"line":37,"column":12},"end":{"line":37,"column":49}},"12":{"start":{"line":39,"column":12},"end":{"line":39,"column":44}},"13":{"start":{"line":41,"column":12},"end":{"line":41,"column":39}},"14":{"start":{"line":51,"column":10},"end":{"line":63,"column":null}},"15":{"start":{"line":54,"column":21},"end":{"line":54,"column":52}},"16":{"start":{"line":54,"column":12},"end":{"line":54,"column":52}},"17":{"start":{"line":55,"column":16},"end":{"line":55,"column":68}},"18":{"start":{"line":56,"column":21},"end":{"line":56,"column":null}},"19":{"start":{"line":56,"column":16},"end":{"line":56,"column":null}},"20":{"start":{"line":57,"column":12},"end":{"line":57,"column":48}},"21":{"start":{"line":59,"column":12},"end":{"line":59,"column":44}},"22":{"start":{"line":61,"column":12},"end":{"line":61,"column":39}},"23":{"start":{"line":71,"column":10},"end":{"line":83,"column":null}},"24":{"start":{"line":74,"column":21},"end":{"line":74,"column":52}},"25":{"start":{"line":74,"column":12},"end":{"line":74,"column":52}},"26":{"start":{"line":75,"column":16},"end":{"line":75,"column":63}},"27":{"start":{"line":76,"column":21},"end":{"line":76,"column":null}},"28":{"start":{"line":76,"column":16},"end":{"line":76,"column":null}},"29":{"start":{"line":77,"column":12},"end":{"line":77,"column":48}},"30":{"start":{"line":79,"column":12},"end":{"line":79,"column":44}},"31":{"start":{"line":81,"column":12},"end":{"line":81,"column":39}},"32":{"start":{"line":92,"column":10},"end":{"line":104,"column":null}},"33":{"start":{"line":95,"column":21},"end":{"line":95,"column":52}},"34":{"start":{"line":95,"column":12},"end":{"line":95,"column":52}},"35":{"start":{"line":96,"column":16},"end":{"line":96,"column":90}},"36":{"start":{"line":97,"column":21},"end":{"line":97,"column":null}},"37":{"start":{"line":97,"column":16},"end":{"line":97,"column":null}},"38":{"start":{"line":98,"column":12},"end":{"line":98,"column":48}},"39":{"start":{"line":100,"column":12},"end":{"line":100,"column":44}},"40":{"start":{"line":102,"column":12},"end":{"line":102,"column":39}},"41":{"start":{"line":112,"column":10},"end":{"line":136,"column":null}},"42":{"start":{"line":114,"column":8},"end":{"line":114,"column":29}},"43":{"start":{"line":116,"column":21},"end":{"line":116,"column":52}},"44":{"start":{"line":116,"column":12},"end":{"line":116,"column":52}},"45":{"start":{"line":118,"column":26},"end":{"line":118,"column":125}},"46":{"start":{"line":118,"column":16},"end":{"line":118,"column":null}},"47":{"start":{"line":119,"column":12},"end":{"line":119,"column":128}},"48":{"start":{"line":120,"column":16},"end":{"line":123,"column":14}},"49":{"start":{"line":124,"column":21},"end":{"line":124,"column":null}},"50":{"start":{"line":124,"column":16},"end":{"line":124,"column":null}},"51":{"start":{"line":126,"column":12},"end":{"line":126,"column":57}},"52":{"start":{"line":128,"column":12},"end":{"line":128,"column":27}},"53":{"start":{"line":131,"column":12},"end":{"line":131,"column":44}},"54":{"start":{"line":133,"column":12},"end":{"line":133,"column":39}},"55":{"start":{"line":143,"column":10},"end":{"line":157,"column":null}},"56":{"start":{"line":146,"column":21},"end":{"line":146,"column":52}},"57":{"start":{"line":146,"column":12},"end":{"line":146,"column":52}},"58":{"start":{"line":147,"column":26},"end":{"line":147,"column":129}},"59":{"start":{"line":147,"column":16},"end":{"line":147,"column":null}},"60":{"start":{"line":148,"column":16},"end":{"line":148,"column":167}},"61":{"start":{"line":149,"column":21},"end":{"line":149,"column":null}},"62":{"start":{"line":149,"column":16},"end":{"line":149,"column":null}},"63":{"start":{"line":150,"column":12},"end":{"line":150,"column":24}},"64":{"start":{"line":152,"column":12},"end":{"line":152,"column":44}},"65":{"start":{"line":154,"column":12},"end":{"line":154,"column":39}},"66":{"start":{"line":164,"column":10},"end":{"line":178,"column":null}},"67":{"start":{"line":166,"column":8},"end":{"line":166,"column":37}},"68":{"start":{"line":168,"column":21},"end":{"line":168,"column":52}},"69":{"start":{"line":168,"column":12},"end":{"line":168,"column":52}},"70":{"start":{"line":169,"column":16},"end":{"line":169,"column":69}},"71":{"start":{"line":170,"column":21},"end":{"line":170,"column":null}},"72":{"start":{"line":170,"column":16},"end":{"line":170,"column":null}},"73":{"start":{"line":171,"column":12},"end":{"line":171,"column":24}},"74":{"start":{"line":173,"column":12},"end":{"line":173,"column":44}},"75":{"start":{"line":175,"column":12},"end":{"line":175,"column":39}},"76":{"start":{"line":180,"column":0},"end":{"line":180,"column":null}},"77":{"start":{"line":10,"column":13},"end":{"line":10,"column":27}}},"fnMap":{"0":{"name":"(anonymous_13)","decl":{"start":{"line":10,"column":0},"end":{"line":10,"column":13}},"loc":{"start":{"line":10,"column":0},"end":{"line":180,"column":null}}},"1":{"name":"(anonymous_15)","decl":{"start":{"line":31,"column":4},"end":{"line":31,"column":10}},"loc":{"start":{"line":31,"column":4},"end":{"line":43,"column":null}}},"2":{"name":"(anonymous_18)","decl":{"start":{"line":51,"column":4},"end":{"line":51,"column":10}},"loc":{"start":{"line":51,"column":28},"end":{"line":63,"column":null}}},"3":{"name":"(anonymous_21)","decl":{"start":{"line":71,"column":4},"end":{"line":71,"column":10}},"loc":{"start":{"line":71,"column":53},"end":{"line":83,"column":null}}},"4":{"name":"(anonymous_24)","decl":{"start":{"line":92,"column":4},"end":{"line":92,"column":10}},"loc":{"start":{"line":92,"column":53},"end":{"line":104,"column":null}}},"5":{"name":"(anonymous_27)","decl":{"start":{"line":112,"column":4},"end":{"line":112,"column":10}},"loc":{"start":{"line":112,"column":28},"end":{"line":136,"column":null}}},"6":{"name":"(anonymous_30)","decl":{"start":{"line":143,"column":4},"end":{"line":143,"column":10}},"loc":{"start":{"line":143,"column":34},"end":{"line":157,"column":null}}},"7":{"name":"(anonymous_33)","decl":{"start":{"line":164,"column":4},"end":{"line":164,"column":10}},"loc":{"start":{"line":164,"column":31},"end":{"line":178,"column":null}}}},"branchMap":{"0":{"loc":{"start":{"line":41,"column":12},"end":{"line":41,"column":18}},"type":"binary-expr","locations":[{"start":{"line":41,"column":12},"end":{"line":41,"column":18}},{"start":{"line":41,"column":22},"end":{"line":41,"column":38}}]},"1":{"loc":{"start":{"line":61,"column":12},"end":{"line":61,"column":18}},"type":"binary-expr","locations":[{"start":{"line":61,"column":12},"end":{"line":61,"column":18}},{"start":{"line":61,"column":22},"end":{"line":61,"column":38}}]},"2":{"loc":{"start":{"line":81,"column":12},"end":{"line":81,"column":18}},"type":"binary-expr","locations":[{"start":{"line":81,"column":12},"end":{"line":81,"column":18}},{"start":{"line":81,"column":22},"end":{"line":81,"column":38}}]},"3":{"loc":{"start":{"line":102,"column":12},"end":{"line":102,"column":18}},"type":"binary-expr","locations":[{"start":{"line":102,"column":12},"end":{"line":102,"column":18}},{"start":{"line":102,"column":22},"end":{"line":102,"column":38}}]},"4":{"loc":{"start":{"line":133,"column":12},"end":{"line":133,"column":18}},"type":"binary-expr","locations":[{"start":{"line":133,"column":12},"end":{"line":133,"column":18}},{"start":{"line":133,"column":22},"end":{"line":133,"column":38}}]},"5":{"loc":{"start":{"line":154,"column":12},"end":{"line":154,"column":18}},"type":"binary-expr","locations":[{"start":{"line":154,"column":12},"end":{"line":154,"column":18}},{"start":{"line":154,"column":22},"end":{"line":154,"column":38}}]},"6":{"loc":{"start":{"line":175,"column":12},"end":{"line":175,"column":18}},"type":"binary-expr","locations":[{"start":{"line":175,"column":12},"end":{"line":175,"column":18}},{"start":{"line":175,"column":22},"end":{"line":175,"column":38}}]}},"s":{"0":1,"1":1,"2":1,"3":1,"4":1,"5":1,"6":3,"7":3,"8":3,"9":3,"10":2,"11":2,"12":1,"13":3,"14":1,"15":3,"16":3,"17":3,"18":3,"19":3,"20":3,"21":1,"22":3,"23":1,"24":3,"25":3,"26":3,"27":3,"28":3,"29":3,"30":1,"31":3,"32":1,"33":3,"34":3,"35":3,"36":3,"37":3,"38":3,"39":1,"40":3,"41":1,"42":3,"43":3,"44":3,"45":3,"46":3,"47":2,"48":2,"49":2,"50":2,"51":2,"52":2,"53":1,"54":3,"55":1,"56":2,"57":2,"58":2,"59":2,"60":1,"61":1,"62":1,"63":1,"64":1,"65":2,"66":1,"67":2,"68":2,"69":2,"70":2,"71":2,"72":1,"73":1,"74":1,"75":2,"76":1,"77":1},"f":{"0":2,"1":3,"2":3,"3":3,"4":3,"5":3,"6":2,"7":2},"b":{"0":[3,3],"1":[3,3],"2":[3,3],"3":[3,3],"4":[3,3],"5":[2,2],"6":[2,2]}}
,"C:\\Users\\Hao\\Documents\\GitHub\\hao_tran_p1-api\\src\\services\\reimb-service.ts": {"path":"C:\\Users\\Hao\\Documents\\GitHub\\hao_tran_p1-api\\src\\services\\reimb-service.ts","statementMap":{"0":{"start":{"line":1,"column":0},"end":{"line":1,"column":40}},"1":{"start":{"line":3,"column":0},"end":{"line":3,"column":121}},"2":{"start":{"line":4,"column":0},"end":{"line":4,"column":null}},"3":{"start":{"line":13,"column":0},"end":{"line":13,"column":13}},"4":{"start":{"line":15,"column":24},"end":{"line":15,"column":50}},"5":{"start":{"line":16,"column":8},"end":{"line":16,"column":35}},"6":{"start":{"line":23,"column":10},"end":{"line":29,"column":null}},"7":{"start":{"line":24,"column":21},"end":{"line":24,"column":null}},"8":{"start":{"line":24,"column":12},"end":{"line":24,"column":null}},"9":{"start":{"line":25,"column":8},"end":{"line":27,"column":null}},"10":{"start":{"line":26,"column":12},"end":{"line":26,"column":46}},"11":{"start":{"line":28,"column":8},"end":{"line":28,"column":22}},"12":{"start":{"line":36,"column":10},"end":{"line":45,"column":null}},"13":{"start":{"line":37,"column":8},"end":{"line":39,"column":null}},"14":{"start":{"line":38,"column":12},"end":{"line":38,"column":40}},"15":{"start":{"line":40,"column":20},"end":{"line":40,"column":null}},"16":{"start":{"line":40,"column":12},"end":{"line":40,"column":null}},"17":{"start":{"line":41,"column":8},"end":{"line":43,"column":null}},"18":{"start":{"line":42,"column":12},"end":{"line":42,"column":46}},"19":{"start":{"line":44,"column":8},"end":{"line":44,"column":21}},"20":{"start":{"line":47,"column":10},"end":{"line":56,"column":null}},"21":{"start":{"line":48,"column":8},"end":{"line":50,"column":null}},"22":{"start":{"line":49,"column":12},"end":{"line":49,"column":40}},"23":{"start":{"line":51,"column":20},"end":{"line":51,"column":null}},"24":{"start":{"line":51,"column":12},"end":{"line":51,"column":null}},"25":{"start":{"line":52,"column":8},"end":{"line":54,"column":null}},"26":{"start":{"line":53,"column":12},"end":{"line":53,"column":46}},"27":{"start":{"line":55,"column":8},"end":{"line":55,"column":21}},"28":{"start":{"line":62,"column":10},"end":{"line":87,"column":null}},"29":{"start":{"line":65,"column":16},"end":{"line":65,"column":50}},"30":{"start":{"line":66,"column":12},"end":{"line":68,"column":null}},"31":{"start":{"line":66,"column":40},"end":{"line":66,"column":65}},"32":{"start":{"line":67,"column":16},"end":{"line":67,"column":44}},"33":{"start":{"line":69,"column":16},"end":{"line":69,"column":35}},"34":{"start":{"line":70,"column":16},"end":{"line":70,"column":36}},"35":{"start":{"line":72,"column":16},"end":{"line":72,"column":19}},"36":{"start":{"line":73,"column":23},"end":{"line":73,"column":53}},"37":{"start":{"line":73,"column":16},"end":{"line":73,"column":53}},"38":{"start":{"line":76,"column":24},"end":{"line":76,"column":null}},"39":{"start":{"line":76,"column":16},"end":{"line":76,"column":null}},"40":{"start":{"line":78,"column":12},"end":{"line":80,"column":null}},"41":{"start":{"line":79,"column":16},"end":{"line":79,"column":50}},"42":{"start":{"line":82,"column":12},"end":{"line":82,"column":25}},"43":{"start":{"line":85,"column":12},"end":{"line":85,"column":20}},"44":{"start":{"line":89,"column":10},"end":{"line":96,"column":null}},"45":{"start":{"line":91,"column":12},"end":{"line":91,"column":34}},"46":{"start":{"line":92,"column":12},"end":{"line":92,"column":30}},"47":{"start":{"line":93,"column":21},"end":{"line":93,"column":null}},"48":{"start":{"line":93,"column":12},"end":{"line":93,"column":null}},"49":{"start":{"line":95,"column":8},"end":{"line":95,"column":22}},"50":{"start":{"line":98,"column":10},"end":{"line":113,"column":null}},"51":{"start":{"line":101,"column":12},"end":{"line":103,"column":null}},"52":{"start":{"line":102,"column":16},"end":{"line":102,"column":44}},"53":{"start":{"line":105,"column":35},"end":{"line":105,"column":null}},"54":{"start":{"line":105,"column":18},"end":{"line":105,"column":null}},"55":{"start":{"line":107,"column":12},"end":{"line":107,"column":34}},"56":{"start":{"line":110,"column":12},"end":{"line":110,"column":20}},"57":{"start":{"line":115,"column":10},"end":{"line":132,"column":null}},"58":{"start":{"line":118,"column":12},"end":{"line":120,"column":null}},"59":{"start":{"line":119,"column":16},"end":{"line":119,"column":44}},"60":{"start":{"line":121,"column":12},"end":{"line":123,"column":null}},"61":{"start":{"line":122,"column":16},"end":{"line":122,"column":44}},"62":{"start":{"line":124,"column":12},"end":{"line":126,"column":null}},"63":{"start":{"line":125,"column":16},"end":{"line":125,"column":44}},"64":{"start":{"line":127,"column":19},"end":{"line":127,"column":61}},"65":{"start":{"line":127,"column":12},"end":{"line":127,"column":61}},"66":{"start":{"line":129,"column":12},"end":{"line":129,"column":20}},"67":{"start":{"line":134,"column":10},"end":{"line":142,"column":null}},"68":{"start":{"line":136,"column":8},"end":{"line":140,"column":null}},"69":{"start":{"line":137,"column":12},"end":{"line":137,"column":44}},"70":{"start":{"line":139,"column":12},"end":{"line":139,"column":20}},"71":{"start":{"line":143,"column":0},"end":{"line":143,"column":null}},"72":{"start":{"line":13,"column":13},"end":{"line":13,"column":25}}},"fnMap":{"0":{"name":"(anonymous_13)","decl":{"start":{"line":13,"column":0},"end":{"line":13,"column":13}},"loc":{"start":{"line":13,"column":0},"end":{"line":143,"column":null}}},"1":{"name":"ReimbService","decl":{"start":{"line":15,"column":4},"end":{"line":15,"column":24}},"loc":{"start":{"line":15,"column":50},"end":{"line":17,"column":5}}},"2":{"name":"(anonymous_15)","decl":{"start":{"line":23,"column":4},"end":{"line":23,"column":10}},"loc":{"start":{"line":23,"column":4},"end":{"line":29,"column":null}}},"3":{"name":"(anonymous_18)","decl":{"start":{"line":36,"column":4},"end":{"line":36,"column":10}},"loc":{"start":{"line":36,"column":33},"end":{"line":45,"column":null}}},"4":{"name":"(anonymous_21)","decl":{"start":{"line":47,"column":4},"end":{"line":47,"column":10}},"loc":{"start":{"line":47,"column":35},"end":{"line":56,"column":null}}},"5":{"name":"(anonymous_24)","decl":{"start":{"line":62,"column":4},"end":{"line":62,"column":10}},"loc":{"start":{"line":62,"column":43},"end":{"line":87,"column":null}}},"6":{"name":"(anonymous_27)","decl":{"start":{"line":66,"column":33},"end":{"line":66,"column":36}},"loc":{"start":{"line":66,"column":36},"end":{"line":66,"column":52}}},"7":{"name":"(anonymous_28)","decl":{"start":{"line":89,"column":4},"end":{"line":89,"column":10}},"loc":{"start":{"line":89,"column":32},"end":{"line":96,"column":null}}},"8":{"name":"(anonymous_31)","decl":{"start":{"line":98,"column":4},"end":{"line":98,"column":10}},"loc":{"start":{"line":98,"column":37},"end":{"line":113,"column":null}}},"9":{"name":"(anonymous_34)","decl":{"start":{"line":115,"column":4},"end":{"line":115,"column":10}},"loc":{"start":{"line":115,"column":41},"end":{"line":132,"column":null}}},"10":{"name":"(anonymous_37)","decl":{"start":{"line":134,"column":4},"end":{"line":134,"column":10}},"loc":{"start":{"line":134,"column":31},"end":{"line":142,"column":null}}}},"branchMap":{"0":{"loc":{"start":{"line":24,"column":21},"end":{"line":24,"column":null}},"type":"switch","locations":[{"start":{"line":24,"column":21},"end":{"line":24,"column":null}}]},"1":{"loc":{"start":{"line":25,"column":8},"end":{"line":27,"column":null}},"type":"if","locations":[{"start":{"line":25,"column":8},"end":{"line":27,"column":null}},{"start":{"line":25,"column":8},"end":{"line":27,"column":null}}]},"2":{"loc":{"start":{"line":37,"column":8},"end":{"line":39,"column":null}},"type":"if","locations":[{"start":{"line":37,"column":8},"end":{"line":39,"column":null}},{"start":{"line":37,"column":8},"end":{"line":39,"column":null}}]},"3":{"loc":{"start":{"line":41,"column":8},"end":{"line":43,"column":null}},"type":"if","locations":[{"start":{"line":41,"column":8},"end":{"line":43,"column":null}},{"start":{"line":41,"column":8},"end":{"line":43,"column":null}}]},"4":{"loc":{"start":{"line":48,"column":8},"end":{"line":50,"column":null}},"type":"if","locations":[{"start":{"line":48,"column":8},"end":{"line":50,"column":null}},{"start":{"line":48,"column":8},"end":{"line":50,"column":null}}]},"5":{"loc":{"start":{"line":52,"column":8},"end":{"line":54,"column":null}},"type":"if","locations":[{"start":{"line":52,"column":8},"end":{"line":54,"column":null}},{"start":{"line":52,"column":8},"end":{"line":54,"column":null}}]},"6":{"loc":{"start":{"line":73,"column":16},"end":{"line":73,"column":53}},"type":"switch","locations":[{"start":{"line":73,"column":16},"end":{"line":73,"column":53}},{"start":{"line":76,"column":24},"end":{"line":76,"column":null}}]},"7":{"loc":{"start":{"line":66,"column":12},"end":{"line":68,"column":null}},"type":"if","locations":[{"start":{"line":66,"column":12},"end":{"line":68,"column":null}},{"start":{"line":66,"column":12},"end":{"line":68,"column":null}}]},"8":{"loc":{"start":{"line":72,"column":16},"end":{"line":72,"column":19}},"type":"if","locations":[{"start":{"line":72,"column":16},"end":{"line":72,"column":19}},{"start":{"line":72,"column":16},"end":{"line":72,"column":19}}]},"9":{"loc":{"start":{"line":78,"column":12},"end":{"line":80,"column":null}},"type":"if","locations":[{"start":{"line":78,"column":12},"end":{"line":80,"column":null}},{"start":{"line":78,"column":12},"end":{"line":80,"column":null}}]},"10":{"loc":{"start":{"line":101,"column":12},"end":{"line":103,"column":null}},"type":"if","locations":[{"start":{"line":101,"column":12},"end":{"line":103,"column":null}},{"start":{"line":101,"column":12},"end":{"line":103,"column":null}}]},"11":{"loc":{"start":{"line":127,"column":12},"end":{"line":127,"column":61}},"type":"switch","locations":[{"start":{"line":127,"column":12},"end":{"line":127,"column":61}}]},"12":{"loc":{"start":{"line":118,"column":12},"end":{"line":120,"column":null}},"type":"if","locations":[{"start":{"line":118,"column":12},"end":{"line":120,"column":null}},{"start":{"line":118,"column":12},"end":{"line":120,"column":null}}]},"13":{"loc":{"start":{"line":121,"column":12},"end":{"line":123,"column":null}},"type":"if","locations":[{"start":{"line":121,"column":12},"end":{"line":123,"column":null}},{"start":{"line":121,"column":12},"end":{"line":123,"column":null}}]},"14":{"loc":{"start":{"line":124,"column":12},"end":{"line":126,"column":null}},"type":"if","locations":[{"start":{"line":124,"column":12},"end":{"line":126,"column":null}},{"start":{"line":124,"column":12},"end":{"line":126,"column":null}}]}},"s":{"0":1,"1":1,"2":1,"3":1,"4":26,"5":26,"6":1,"7":2,"8":2,"9":2,"10":1,"11":1,"12":1,"13":7,"14":4,"15":3,"16":3,"17":3,"18":1,"19":2,"20":1,"21":3,"22":1,"23":2,"24":2,"25":2,"26":1,"27":1,"28":1,"29":5,"30":5,"31":5,"32":2,"33":3,"34":3,"35":5,"36":1,"37":1,"38":2,"39":2,"40":2,"41":1,"42":1,"43":3,"44":1,"45":1,"46":1,"47":1,"48":1,"49":1,"50":1,"51":2,"52":1,"53":1,"54":1,"55":1,"56":1,"57":1,"58":6,"59":1,"60":5,"61":2,"62":3,"63":2,"64":1,"65":1,"66":5,"67":1,"68":1,"69":1,"70":1,"71":1,"72":1},"f":{"0":1,"1":26,"2":2,"3":7,"4":3,"5":5,"6":5,"7":1,"8":2,"9":6,"10":1},"b":{"0":[2],"1":[1,1],"2":[4,3],"3":[1,2],"4":[1,2],"5":[1,1],"6":[1,2],"7":[2,3],"8":[2,1],"9":[1,1],"10":[1,1],"11":[1],"12":[1,5],"13":[2,3],"14":[2,1]}}
,"C:\\Users\\Hao\\Documents\\GitHub\\hao_tran_p1-api\\src\\services\\user-service.ts": {"path":"C:\\Users\\Hao\\Documents\\GitHub\\hao_tran_p1-api\\src\\services\\user-service.ts","statementMap":{"0":{"start":{"line":1,"column":0},"end":{"line":1,"column":38}},"1":{"start":{"line":3,"column":0},"end":{"line":3,"column":106}},"2":{"start":{"line":4,"column":0},"end":{"line":4,"column":null}},"3":{"start":{"line":13,"column":0},"end":{"line":13,"column":13}},"4":{"start":{"line":15,"column":24},"end":{"line":15,"column":48}},"5":{"start":{"line":16,"column":8},"end":{"line":16,"column":33}},"6":{"start":{"line":23,"column":10},"end":{"line":29,"column":null}},"7":{"start":{"line":24,"column":20},"end":{"line":24,"column":null}},"8":{"start":{"line":24,"column":12},"end":{"line":24,"column":null}},"9":{"start":{"line":25,"column":8},"end":{"line":27,"column":null}},"10":{"start":{"line":26,"column":12},"end":{"line":26,"column":46}},"11":{"start":{"line":28,"column":8},"end":{"line":28,"column":21}},"12":{"start":{"line":36,"column":10},"end":{"line":45,"column":null}},"13":{"start":{"line":37,"column":8},"end":{"line":39,"column":null}},"14":{"start":{"line":38,"column":12},"end":{"line":38,"column":40}},"15":{"start":{"line":40,"column":19},"end":{"line":40,"column":null}},"16":{"start":{"line":40,"column":12},"end":{"line":40,"column":null}},"17":{"start":{"line":41,"column":8},"end":{"line":43,"column":null}},"18":{"start":{"line":42,"column":12},"end":{"line":42,"column":46}},"19":{"start":{"line":44,"column":8},"end":{"line":44,"column":20}},"20":{"start":{"line":52,"column":10},"end":{"line":81,"column":null}},"21":{"start":{"line":55,"column":16},"end":{"line":55,"column":50}},"22":{"start":{"line":56,"column":12},"end":{"line":58,"column":null}},"23":{"start":{"line":56,"column":39},"end":{"line":56,"column":63}},"24":{"start":{"line":57,"column":16},"end":{"line":57,"column":44}},"25":{"start":{"line":59,"column":16},"end":{"line":59,"column":35}},"26":{"start":{"line":60,"column":16},"end":{"line":60,"column":36}},"27":{"start":{"line":62,"column":16},"end":{"line":62,"column":19}},"28":{"start":{"line":63,"column":23},"end":{"line":63,"column":52}},"29":{"start":{"line":63,"column":16},"end":{"line":63,"column":52}},"30":{"start":{"line":66,"column":12},"end":{"line":68,"column":null}},"31":{"start":{"line":67,"column":16},"end":{"line":67,"column":44}},"32":{"start":{"line":70,"column":23},"end":{"line":70,"column":null}},"33":{"start":{"line":70,"column":16},"end":{"line":70,"column":null}},"34":{"start":{"line":72,"column":12},"end":{"line":74,"column":null}},"35":{"start":{"line":73,"column":16},"end":{"line":73,"column":50}},"36":{"start":{"line":76,"column":12},"end":{"line":76,"column":24}},"37":{"start":{"line":79,"column":12},"end":{"line":79,"column":20}},"38":{"start":{"line":83,"column":10},"end":{"line":104,"column":null}},"39":{"start":{"line":87,"column":12},"end":{"line":89,"column":null}},"40":{"start":{"line":88,"column":16},"end":{"line":88,"column":44}},"41":{"start":{"line":91,"column":16},"end":{"line":91,"column":31}},"42":{"start":{"line":92,"column":23},"end":{"line":92,"column":72}},"43":{"start":{"line":92,"column":12},"end":{"line":92,"column":72}},"44":{"start":{"line":94,"column":12},"end":{"line":96,"column":null}},"45":{"start":{"line":95,"column":16},"end":{"line":95,"column":48}},"46":{"start":{"line":98,"column":12},"end":{"line":98,"column":28}},"47":{"start":{"line":101,"column":12},"end":{"line":101,"column":20}},"48":{"start":{"line":106,"column":10},"end":{"line":133,"column":null}},"49":{"start":{"line":110,"column":12},"end":{"line":112,"column":null}},"50":{"start":{"line":111,"column":16},"end":{"line":111,"column":44}},"51":{"start":{"line":114,"column":36},"end":{"line":114,"column":null}},"52":{"start":{"line":114,"column":16},"end":{"line":114,"column":null}},"53":{"start":{"line":116,"column":12},"end":{"line":118,"column":null}},"54":{"start":{"line":117,"column":16},"end":{"line":117,"column":53}},"55":{"start":{"line":120,"column":33},"end":{"line":120,"column":null}},"56":{"start":{"line":120,"column":16},"end":{"line":120,"column":null}},"57":{"start":{"line":122,"column":12},"end":{"line":124,"column":null}},"58":{"start":{"line":123,"column":16},"end":{"line":123,"column":54}},"59":{"start":{"line":125,"column":34},"end":{"line":125,"column":null}},"60":{"start":{"line":125,"column":18},"end":{"line":125,"column":null}},"61":{"start":{"line":127,"column":12},"end":{"line":127,"column":33}},"62":{"start":{"line":130,"column":12},"end":{"line":130,"column":20}},"63":{"start":{"line":135,"column":10},"end":{"line":143,"column":null}},"64":{"start":{"line":138,"column":19},"end":{"line":138,"column":59}},"65":{"start":{"line":138,"column":12},"end":{"line":138,"column":59}},"66":{"start":{"line":140,"column":12},"end":{"line":140,"column":20}},"67":{"start":{"line":145,"column":10},"end":{"line":152,"column":null}},"68":{"start":{"line":147,"column":19},"end":{"line":147,"column":54}},"69":{"start":{"line":147,"column":12},"end":{"line":147,"column":54}},"70":{"start":{"line":149,"column":12},"end":{"line":149,"column":20}},"71":{"start":{"line":154,"column":18},"end":{"line":164,"column":null}},"72":{"start":{"line":157,"column":12},"end":{"line":157,"column":66}},"73":{"start":{"line":159,"column":12},"end":{"line":159,"column":24}},"74":{"start":{"line":162,"column":8},"end":{"line":162,"column":21}},"75":{"start":{"line":166,"column":18},"end":{"line":175,"column":null}},"76":{"start":{"line":169,"column":12},"end":{"line":169,"column":60}},"77":{"start":{"line":171,"column":12},"end":{"line":171,"column":24}},"78":{"start":{"line":174,"column":8},"end":{"line":174,"column":21}},"79":{"start":{"line":179,"column":0},"end":{"line":179,"column":null}},"80":{"start":{"line":13,"column":13},"end":{"line":13,"column":24}}},"fnMap":{"0":{"name":"(anonymous_13)","decl":{"start":{"line":13,"column":0},"end":{"line":13,"column":13}},"loc":{"start":{"line":13,"column":0},"end":{"line":179,"column":null}}},"1":{"name":"UserService","decl":{"start":{"line":15,"column":4},"end":{"line":15,"column":24}},"loc":{"start":{"line":15,"column":48},"end":{"line":17,"column":5}}},"2":{"name":"(anonymous_15)","decl":{"start":{"line":23,"column":4},"end":{"line":23,"column":10}},"loc":{"start":{"line":23,"column":4},"end":{"line":29,"column":null}}},"3":{"name":"(anonymous_18)","decl":{"start":{"line":36,"column":4},"end":{"line":36,"column":10}},"loc":{"start":{"line":36,"column":32},"end":{"line":45,"column":null}}},"4":{"name":"(anonymous_21)","decl":{"start":{"line":52,"column":4},"end":{"line":52,"column":10}},"loc":{"start":{"line":52,"column":42},"end":{"line":81,"column":null}}},"5":{"name":"(anonymous_24)","decl":{"start":{"line":56,"column":32},"end":{"line":56,"column":35}},"loc":{"start":{"line":56,"column":35},"end":{"line":56,"column":51}}},"6":{"name":"(anonymous_25)","decl":{"start":{"line":83,"column":4},"end":{"line":83,"column":10}},"loc":{"start":{"line":83,"column":49},"end":{"line":104,"column":null}}},"7":{"name":"(anonymous_28)","decl":{"start":{"line":106,"column":4},"end":{"line":106,"column":10}},"loc":{"start":{"line":106,"column":34},"end":{"line":133,"column":null}}},"8":{"name":"(anonymous_31)","decl":{"start":{"line":135,"column":4},"end":{"line":135,"column":10}},"loc":{"start":{"line":135,"column":38},"end":{"line":143,"column":null}}},"9":{"name":"(anonymous_34)","decl":{"start":{"line":145,"column":4},"end":{"line":145,"column":10}},"loc":{"start":{"line":145,"column":31},"end":{"line":152,"column":null}}},"10":{"name":"(anonymous_37)","decl":{"start":{"line":154,"column":4},"end":{"line":154,"column":18}},"loc":{"start":{"line":154,"column":54},"end":{"line":164,"column":null}}},"11":{"name":"(anonymous_40)","decl":{"start":{"line":166,"column":4},"end":{"line":166,"column":18}},"loc":{"start":{"line":166,"column":48},"end":{"line":175,"column":null}}}},"branchMap":{"0":{"loc":{"start":{"line":24,"column":20},"end":{"line":24,"column":null}},"type":"switch","locations":[{"start":{"line":24,"column":20},"end":{"line":24,"column":null}}]},"1":{"loc":{"start":{"line":25,"column":8},"end":{"line":27,"column":null}},"type":"if","locations":[{"start":{"line":25,"column":8},"end":{"line":27,"column":null}},{"start":{"line":25,"column":8},"end":{"line":27,"column":null}}]},"2":{"loc":{"start":{"line":37,"column":8},"end":{"line":39,"column":null}},"type":"if","locations":[{"start":{"line":37,"column":8},"end":{"line":39,"column":null}},{"start":{"line":37,"column":8},"end":{"line":39,"column":null}}]},"3":{"loc":{"start":{"line":41,"column":8},"end":{"line":43,"column":null}},"type":"if","locations":[{"start":{"line":41,"column":8},"end":{"line":43,"column":null}},{"start":{"line":41,"column":8},"end":{"line":43,"column":null}}]},"4":{"loc":{"start":{"line":63,"column":16},"end":{"line":63,"column":52}},"type":"switch","locations":[{"start":{"line":63,"column":16},"end":{"line":63,"column":52}}]},"5":{"loc":{"start":{"line":56,"column":12},"end":{"line":58,"column":null}},"type":"if","locations":[{"start":{"line":56,"column":12},"end":{"line":58,"column":null}},{"start":{"line":56,"column":12},"end":{"line":58,"column":null}}]},"6":{"loc":{"start":{"line":62,"column":16},"end":{"line":62,"column":19}},"type":"if","locations":[{"start":{"line":62,"column":16},"end":{"line":62,"column":19}},{"start":{"line":62,"column":16},"end":{"line":62,"column":19}}]},"7":{"loc":{"start":{"line":66,"column":12},"end":{"line":68,"column":null}},"type":"if","locations":[{"start":{"line":66,"column":12},"end":{"line":68,"column":null}},{"start":{"line":66,"column":12},"end":{"line":68,"column":null}}]},"8":{"loc":{"start":{"line":72,"column":12},"end":{"line":74,"column":null}},"type":"if","locations":[{"start":{"line":72,"column":12},"end":{"line":74,"column":null}},{"start":{"line":72,"column":12},"end":{"line":74,"column":null}}]},"9":{"loc":{"start":{"line":87,"column":12},"end":{"line":89,"column":null}},"type":"if","locations":[{"start":{"line":87,"column":12},"end":{"line":89,"column":null}},{"start":{"line":87,"column":12},"end":{"line":89,"column":null}}]},"10":{"loc":{"start":{"line":94,"column":12},"end":{"line":96,"column":null}},"type":"if","locations":[{"start":{"line":94,"column":12},"end":{"line":96,"column":null}},{"start":{"line":94,"column":12},"end":{"line":96,"column":null}}]},"11":{"loc":{"start":{"line":110,"column":12},"end":{"line":112,"column":null}},"type":"if","locations":[{"start":{"line":110,"column":12},"end":{"line":112,"column":null}},{"start":{"line":110,"column":12},"end":{"line":112,"column":null}}]},"12":{"loc":{"start":{"line":116,"column":12},"end":{"line":118,"column":null}},"type":"if","locations":[{"start":{"line":116,"column":12},"end":{"line":118,"column":null}},{"start":{"line":116,"column":12},"end":{"line":118,"column":null}}]},"13":{"loc":{"start":{"line":122,"column":12},"end":{"line":124,"column":null}},"type":"if","locations":[{"start":{"line":122,"column":12},"end":{"line":124,"column":null}},{"start":{"line":122,"column":12},"end":{"line":124,"column":null}}]},"14":{"loc":{"start":{"line":138,"column":12},"end":{"line":138,"column":59}},"type":"switch","locations":[{"start":{"line":138,"column":12},"end":{"line":138,"column":59}}]},"15":{"loc":{"start":{"line":147,"column":12},"end":{"line":147,"column":54}},"type":"switch","locations":[{"start":{"line":147,"column":12},"end":{"line":147,"column":54}}]},"16":{"loc":{"start":{"line":162,"column":8},"end":{"line":162,"column":21}},"type":"switch","locations":[{"start":{"line":162,"column":8},"end":{"line":162,"column":21}}]},"17":{"loc":{"start":{"line":174,"column":8},"end":{"line":174,"column":21}},"type":"switch","locations":[{"start":{"line":174,"column":8},"end":{"line":174,"column":21}}]}},"s":{"0":1,"1":1,"2":1,"3":1,"4":23,"5":23,"6":1,"7":2,"8":2,"9":2,"10":1,"11":1,"12":1,"13":7,"14":4,"15":3,"16":3,"17":3,"18":1,"19":2,"20":1,"21":9,"22":9,"23":9,"24":1,"25":8,"26":8,"27":15,"28":1,"29":1,"30":7,"31":1,"32":6,"33":4,"34":4,"35":1,"36":3,"37":5,"38":1,"39":3,"40":1,"41":2,"42":2,"43":2,"44":2,"45":1,"46":1,"47":2,"48":1,"49":5,"50":2,"51":3,"52":3,"53":3,"54":2,"55":1,"56":1,"57":1,"58":0,"59":1,"60":1,"61":1,"62":4,"63":1,"64":1,"65":1,"66":0,"67":1,"68":1,"69":1,"70":0,"71":1,"72":6,"73":1,"74":2,"75":1,"76":2,"77":1,"78":0,"79":1,"80":1},"f":{"0":1,"1":23,"2":2,"3":7,"4":9,"5":9,"6":3,"7":5,"8":1,"9":1,"10":3,"11":1},"b":{"0":[2],"1":[1,1],"2":[4,3],"3":[1,2],"4":[1],"5":[1,8],"6":[7,1],"7":[1,6],"8":[1,3],"9":[1,2],"10":[1,1],"11":[2,3],"12":[2,1],"13":[0,1],"14":[1],"15":[1],"16":[2],"17":[0]}}
,"C:\\Users\\Hao\\Documents\\GitHub\\hao_tran_p1-api\\src\\util\\validator.ts": {"path":"C:\\Users\\Hao\\Documents\\GitHub\\hao_tran_p1-api\\src\\util\\validator.ts","statementMap":{"0":{"start":{"line":1,"column":13},"end":{"line":3,"column":2}},"1":{"start":{"line":2,"column":4},"end":{"line":2,"column":78}},"2":{"start":{"line":5,"column":13},"end":{"line":7,"column":2}},"3":{"start":{"line":5,"column":31},"end":{"line":5,"column":48}},"4":{"start":{"line":6,"column":4},"end":{"line":6,"column":77}},"5":{"start":{"line":6,"column":31},"end":{"line":6,"column":63}},"6":{"start":{"line":9,"column":13},"end":{"line":14,"column":2}},"7":{"start":{"line":9,"column":43},"end":{"line":9,"column":69}},"8":{"start":{"line":10,"column":4},"end":{"line":13,"column":7}},"9":{"start":{"line":11,"column":8},"end":{"line":11,"column":53}},"10":{"start":{"line":11,"column":41},"end":{"line":11,"column":53}},"11":{"start":{"line":12,"column":8},"end":{"line":12,"column":24}},"12":{"start":{"line":16,"column":13},"end":{"line":35,"column":null}},"13":{"start":{"line":18,"column":4},"end":{"line":20,"column":null}},"14":{"start":{"line":19,"column":8},"end":{"line":19,"column":21}},"15":{"start":{"line":22,"column":22},"end":{"line":24,"column":5}},"16":{"start":{"line":23,"column":8},"end":{"line":23,"column":26}},"17":{"start":{"line":27,"column":4},"end":{"line":31,"column":null}},"18":{"start":{"line":28,"column":8},"end":{"line":28,"column":41}},"19":{"start":{"line":30,"column":8},"end":{"line":30,"column":21}},"20":{"start":{"line":33,"column":4},"end":{"line":33,"column":52}},"21":{"start":{"line":37,"column":13},"end":{"line":39,"column":null}},"22":{"start":{"line":38,"column":4},"end":{"line":38,"column":84}},"23":{"start":{"line":42,"column":4},"end":{"line":42,"column":48}},"24":{"start":{"line":41,"column":0},"end":{"line":41,"column":16}},"25":{"start":{"line":46,"column":0},"end":{"line":53,"column":null}}},"fnMap":{"0":{"name":"(anonymous_0)","decl":{"start":{"line":1,"column":25},"end":{"line":1,"column":26}},"loc":{"start":{"line":1,"column":36},"end":{"line":3,"column":1}}},"1":{"name":"(anonymous_1)","decl":{"start":{"line":5,"column":30},"end":{"line":5,"column":31}},"loc":{"start":{"line":5,"column":30},"end":{"line":7,"column":1}}},"2":{"name":"(anonymous_2)","decl":{"start":{"line":6,"column":24},"end":{"line":6,"column":27}},"loc":{"start":{"line":6,"column":27},"end":{"line":6,"column":32}}},"3":{"name":"(anonymous_3)","decl":{"start":{"line":9,"column":29},"end":{"line":9,"column":30}},"loc":{"start":{"line":9,"column":41},"end":{"line":14,"column":1}}},"4":{"name":"(anonymous_4)","decl":{"start":{"line":10,"column":41},"end":{"line":10,"column":44}},"loc":{"start":{"line":10,"column":44},"end":{"line":13,"column":5}}},"5":{"name":"(anonymous_5)","decl":{"start":{"line":16,"column":28},"end":{"line":16,"column":29}},"loc":{"start":{"line":16,"column":52},"end":{"line":35,"column":1}}},"6":{"name":"(anonymous_6)","decl":{"start":{"line":22,"column":22},"end":{"line":22,"column":26}},"loc":{"start":{"line":22,"column":45},"end":{"line":24,"column":5}}},"7":{"name":"(anonymous_7)","decl":{"start":{"line":37,"column":29},"end":{"line":37,"column":30}},"loc":{"start":{"line":37,"column":44},"end":{"line":39,"column":1}}},"8":{"name":"isEmptyObject","decl":{"start":{"line":41,"column":16},"end":{"line":41,"column":29}},"loc":{"start":{"line":41,"column":39},"end":{"line":43,"column":1}}}},"branchMap":{"0":{"loc":{"start":{"line":2,"column":14},"end":{"line":2,"column":16}},"type":"binary-expr","locations":[{"start":{"line":2,"column":14},"end":{"line":2,"column":16}},{"start":{"line":2,"column":20},"end":{"line":2,"column":42}},{"start":{"line":2,"column":46},"end":{"line":2,"column":66}},{"start":{"line":2,"column":70},"end":{"line":2,"column":76}}]},"1":{"loc":{"start":{"line":6,"column":31},"end":{"line":6,"column":35}},"type":"binary-expr","locations":[{"start":{"line":6,"column":31},"end":{"line":6,"column":35}},{"start":{"line":6,"column":39},"end":{"line":6,"column":62}}]},"2":{"loc":{"start":{"line":10,"column":11},"end":{"line":10,"column":14}},"type":"binary-expr","locations":[{"start":{"line":10,"column":11},"end":{"line":10,"column":14}},{"start":{"line":10,"column":18},"end":{"line":13,"column":6}}]},"3":{"loc":{"start":{"line":11,"column":8},"end":{"line":11,"column":53}},"type":"if","locations":[{"start":{"line":11,"column":8},"end":{"line":11,"column":53}},{"start":{"line":11,"column":8},"end":{"line":11,"column":53}}]},"4":{"loc":{"start":{"line":18,"column":4},"end":{"line":20,"column":null}},"type":"if","locations":[{"start":{"line":18,"column":4},"end":{"line":20,"column":null}},{"start":{"line":18,"column":4},"end":{"line":20,"column":null}}]},"5":{"loc":{"start":{"line":18,"column":8},"end":{"line":18,"column":13}},"type":"binary-expr","locations":[{"start":{"line":18,"column":8},"end":{"line":18,"column":13}},{"start":{"line":18,"column":17},"end":{"line":18,"column":22}}]},"6":{"loc":{"start":{"line":38,"column":11},"end":{"line":38,"column":17}},"type":"binary-expr","locations":[{"start":{"line":38,"column":11},"end":{"line":38,"column":17}},{"start":{"line":38,"column":21},"end":{"line":38,"column":40}},{"start":{"line":38,"column":44},"end":{"line":38,"column":63}},{"start":{"line":38,"column":67},"end":{"line":38,"column":83}}]},"7":{"loc":{"start":{"line":42,"column":11},"end":{"line":42,"column":14}},"type":"binary-expr","locations":[{"start":{"line":42,"column":11},"end":{"line":42,"column":14}},{"start":{"line":42,"column":18},"end":{"line":42,"column":47}}]}},"s":{"0":2,"1":23,"2":2,"3":33,"4":10,"5":13,"6":2,"7":47,"8":12,"9":94,"10":21,"11":73,"12":2,"13":14,"14":0,"15":14,"16":14,"17":14,"18":14,"19":0,"20":14,"21":2,"22":3,"23":16,"24":2,"25":2},"f":{"0":23,"1":10,"2":13,"3":12,"4":94,"5":14,"6":14,"7":3,"8":16},"b":{"0":[23,18,18,16],"1":[13,10],"2":[12,12],"3":[21,73],"4":[0,14],"5":[14,14],"6":[3,3,2,2],"7":[16,14]}}
}
