TN:
SF:src\errors\errors.ts
FN:1,(anonymous_6)
FN:8,ApplicationError
FN:15,(anonymous_8)
FN:21,(anonymous_9)
FN:23,ResourcePersistenceError
FN:30,(anonymous_11)
FN:32,ResourceNotFoundError
FN:39,(anonymous_13)
FN:41,BadRequestError
FN:48,(anonymous_15)
FN:50,AuthenticationError
FN:57,(anonymous_17)
FN:59,AuthorizationError
FN:65,(anonymous_19)
FN:67,InternalServerError
FN:74,(anonymous_21)
FN:76,NotImplementedError
FNF:17
FNH:16
FNDA:4,(anonymous_6)
FNDA:48,ApplicationError
FNDA:48,(anonymous_8)
FNDA:4,(anonymous_9)
FNDA:2,ResourcePersistenceError
FNDA:4,(anonymous_11)
FNDA:7,ResourceNotFoundError
FNDA:4,(anonymous_13)
FNDA:22,BadRequestError
FNDA:4,(anonymous_15)
FNDA:1,AuthenticationError
FNDA:4,(anonymous_17)
FNDA:0,AuthorizationError
FNDA:4,(anonymous_19)
FNDA:15,InternalServerError
FNDA:4,(anonymous_21)
FNDA:1,NotImplementedError
DA:1,4
DA:9,48
DA:10,48
DA:11,48
DA:12,48
DA:15,4
DA:16,48
DA:19,4
DA:21,4
DA:24,2
DA:25,2
DA:28,4
DA:30,4
DA:33,7
DA:34,7
DA:37,4
DA:39,4
DA:42,22
DA:43,22
DA:46,4
DA:48,4
DA:51,1
DA:52,1
DA:55,4
DA:57,4
DA:60,0
DA:61,0
DA:64,4
DA:65,4
DA:68,15
DA:69,15
DA:72,4
DA:74,4
DA:77,1
DA:78,1
DA:81,4
DA:84,4
DA:85,4
DA:86,4
DA:87,4
DA:88,4
DA:89,4
DA:90,4
LF:43
LH:41
BRDA:12,0,0,0
BRDA:12,0,1,48
BRDA:24,1,0,2
BRDA:24,1,1,2
BRDA:33,2,0,7
BRDA:33,2,1,7
BRDA:42,3,0,22
BRDA:42,3,1,22
BRDA:51,4,0,1
BRDA:51,4,1,1
BRDA:60,5,0,0
BRDA:60,5,1,0
BRDA:68,6,0,15
BRDA:68,6,1,15
BRDA:77,7,0,1
BRDA:77,7,1,1
BRF:16
BRH:13
end_of_record
TN:
SF:src\models\reimb.ts
FN:1,(anonymous_0)
FN:14,Reimb
FNF:2
FNH:2
FNDA:3,(anonymous_0)
FNDA:31,Reimb
DA:1,3
DA:26,31
DA:27,31
DA:28,31
DA:29,31
DA:30,31
DA:31,31
DA:32,31
DA:33,31
DA:34,31
DA:35,31
DA:38,3
LF:12
LH:12
BRF:0
BRH:0
end_of_record
TN:
SF:src\models\user.ts
FN:1,(anonymous_0)
FN:11,User
FNF:2
FNH:2
FNDA:3,(anonymous_0)
FNDA:38,User
DA:1,3
DA:20,38
DA:21,38
DA:22,38
DA:23,38
DA:24,38
DA:25,38
DA:26,38
DA:29,3
LF:9
LH:9
BRF:0
BRH:0
end_of_record
TN:
SF:src\repos\reimb-repo.ts
FN:10,(anonymous_13)
FN:45,(anonymous_15)
FN:65,(anonymous_18)
FN:79,(anonymous_21)
FN:98,(anonymous_24)
FN:112,(anonymous_27)
FN:146,(anonymous_30)
FN:190,(anonymous_33)
FN:231,(anonymous_36)
FNF:9
FNH:9
FNDA:2,(anonymous_13)
FNDA:3,(anonymous_15)
FNDA:3,(anonymous_18)
FNDA:2,(anonymous_21)
FNDA:3,(anonymous_24)
FNDA:4,(anonymous_27)
FNDA:3,(anonymous_30)
FNDA:2,(anonymous_33)
FNDA:2,(anonymous_36)
DA:3,1
DA:7,1
DA:8,1
DA:10,1
DA:12,1
DA:45,1
DA:48,3
DA:49,3
DA:50,3
DA:51,2
DA:53,1
DA:55,3
DA:65,1
DA:68,3
DA:69,3
DA:70,3
DA:71,3
DA:73,1
DA:75,3
DA:79,1
DA:82,2
DA:83,2
DA:84,2
DA:85,1
DA:87,1
DA:89,2
DA:98,1
DA:101,3
DA:102,3
DA:103,3
DA:104,2
DA:106,1
DA:108,3
DA:112,1
DA:115,4
DA:116,6
DA:118,2
DA:119,2
DA:120,1
DA:121,3
DA:123,1
DA:124,1
DA:126,1
DA:127,1
DA:128,1
DA:129,1
DA:130,1
DA:135,1
DA:137,4
DA:146,1
DA:149,3
DA:150,3
DA:151,2
DA:153,2
DA:157,2
DA:173,2
DA:175,2
DA:178,1
DA:180,3
DA:190,1
DA:193,2
DA:194,2
DA:195,1
DA:196,1
DA:197,1
DA:198,1
DA:200,0
DA:202,1
DA:203,1
DA:204,1
DA:217,1
DA:219,1
DA:221,2
DA:231,1
DA:234,2
DA:235,2
DA:236,2
DA:237,1
DA:239,1
DA:241,2
DA:246,1
LF:81
LH:80
BRDA:55,0,0,3
BRDA:55,0,1,3
BRDA:75,1,0,3
BRDA:75,1,1,3
BRDA:89,2,0,2
BRDA:89,2,1,2
BRDA:108,3,0,3
BRDA:108,3,1,3
BRDA:116,4,0,2
BRDA:116,4,1,2
BRDA:116,5,0,4
BRDA:116,5,1,3
BRDA:121,6,0,1
BRDA:121,6,1,1
BRDA:127,7,0,0
BRDA:127,7,1,1
BRDA:137,8,0,4
BRDA:137,8,1,4
BRDA:180,9,0,3
BRDA:180,9,1,3
BRDA:202,10,0,1
BRDA:197,11,0,0
BRDA:197,11,1,1
BRDA:221,12,0,2
BRDA:221,12,1,2
BRDA:241,13,0,2
BRDA:241,13,1,2
BRF:27
BRH:25
end_of_record
TN:
SF:src\repos\user-repo.ts
FN:10,(anonymous_13)
FN:31,(anonymous_15)
FN:51,(anonymous_18)
FN:71,(anonymous_21)
FN:92,(anonymous_24)
FN:112,(anonymous_27)
FN:143,(anonymous_30)
FN:164,(anonymous_33)
FNF:8
FNH:8
FNDA:2,(anonymous_13)
FNDA:3,(anonymous_15)
FNDA:3,(anonymous_18)
FNDA:3,(anonymous_21)
FNDA:3,(anonymous_24)
FNDA:3,(anonymous_27)
FNDA:2,(anonymous_30)
FNDA:2,(anonymous_33)
DA:3,1
DA:7,1
DA:8,1
DA:10,1
DA:12,1
DA:31,1
DA:34,3
DA:35,3
DA:36,3
DA:37,2
DA:39,1
DA:41,3
DA:51,1
DA:54,3
DA:55,3
DA:56,3
DA:57,3
DA:59,1
DA:61,3
DA:71,1
DA:74,3
DA:75,3
DA:76,3
DA:77,3
DA:79,1
DA:81,3
DA:92,1
DA:95,3
DA:96,3
DA:97,3
DA:98,3
DA:100,1
DA:102,3
DA:112,1
DA:114,3
DA:116,3
DA:118,3
DA:119,2
DA:120,2
DA:124,2
DA:126,2
DA:128,2
DA:131,1
DA:133,3
DA:143,1
DA:146,2
DA:147,2
DA:148,1
DA:149,1
DA:150,1
DA:152,1
DA:154,2
DA:164,1
DA:166,2
DA:168,2
DA:169,2
DA:170,2
DA:171,1
DA:173,1
DA:175,2
DA:180,1
LF:61
LH:61
BRDA:41,0,0,3
BRDA:41,0,1,3
BRDA:61,1,0,3
BRDA:61,1,1,3
BRDA:81,2,0,3
BRDA:81,2,1,3
BRDA:102,3,0,3
BRDA:102,3,1,3
BRDA:133,4,0,3
BRDA:133,4,1,3
BRDA:154,5,0,2
BRDA:154,5,1,2
BRDA:175,6,0,2
BRDA:175,6,1,2
BRF:14
BRH:14
end_of_record
TN:
SF:src\services\reimb-service.ts
FN:13,(anonymous_13)
FN:15,ReimbService
FN:23,(anonymous_15)
FN:36,(anonymous_18)
FN:47,(anonymous_21)
FN:62,(anonymous_24)
FN:66,(anonymous_27)
FN:89,(anonymous_28)
FN:98,(anonymous_31)
FN:115,(anonymous_34)
FN:134,(anonymous_37)
FNF:11
FNH:11
FNDA:1,(anonymous_13)
FNDA:26,ReimbService
FNDA:2,(anonymous_15)
FNDA:7,(anonymous_18)
FNDA:3,(anonymous_21)
FNDA:5,(anonymous_24)
FNDA:5,(anonymous_27)
FNDA:1,(anonymous_28)
FNDA:2,(anonymous_31)
FNDA:6,(anonymous_34)
FNDA:1,(anonymous_37)
DA:1,1
DA:3,1
DA:4,1
DA:13,1
DA:15,26
DA:16,26
DA:23,1
DA:24,2
DA:25,2
DA:26,1
DA:28,1
DA:36,1
DA:37,7
DA:38,4
DA:40,3
DA:41,3
DA:42,1
DA:44,2
DA:47,1
DA:48,3
DA:49,1
DA:51,2
DA:52,2
DA:53,1
DA:55,1
DA:62,1
DA:65,5
DA:66,5
DA:67,2
DA:69,3
DA:70,3
DA:72,5
DA:73,1
DA:76,2
DA:78,2
DA:79,1
DA:82,1
DA:85,3
DA:89,1
DA:91,1
DA:92,1
DA:93,1
DA:95,1
DA:98,1
DA:101,2
DA:102,1
DA:105,1
DA:107,1
DA:110,1
DA:115,1
DA:118,6
DA:119,1
DA:121,5
DA:122,2
DA:124,3
DA:125,2
DA:127,1
DA:129,5
DA:134,1
DA:136,1
DA:137,1
DA:139,1
DA:143,1
LF:63
LH:63
BRDA:24,0,0,2
BRDA:25,1,0,1
BRDA:25,1,1,1
BRDA:37,2,0,4
BRDA:37,2,1,3
BRDA:41,3,0,1
BRDA:41,3,1,2
BRDA:48,4,0,1
BRDA:48,4,1,2
BRDA:52,5,0,1
BRDA:52,5,1,1
BRDA:73,6,0,1
BRDA:73,6,1,2
BRDA:66,7,0,2
BRDA:66,7,1,3
BRDA:72,8,0,2
BRDA:72,8,1,1
BRDA:78,9,0,1
BRDA:78,9,1,1
BRDA:101,10,0,1
BRDA:101,10,1,1
BRDA:127,11,0,1
BRDA:118,12,0,1
BRDA:118,12,1,5
BRDA:121,13,0,2
BRDA:121,13,1,3
BRDA:124,14,0,2
BRDA:124,14,1,1
BRF:28
BRH:28
end_of_record
TN:
SF:src\services\user-service.ts
FN:13,(anonymous_13)
FN:15,UserService
FN:23,(anonymous_15)
FN:36,(anonymous_18)
FN:52,(anonymous_21)
FN:56,(anonymous_24)
FN:83,(anonymous_25)
FN:106,(anonymous_28)
FN:135,(anonymous_31)
FN:145,(anonymous_34)
FN:154,(anonymous_37)
FN:166,(anonymous_40)
FNF:12
FNH:12
FNDA:1,(anonymous_13)
FNDA:23,UserService
FNDA:2,(anonymous_15)
FNDA:7,(anonymous_18)
FNDA:9,(anonymous_21)
FNDA:9,(anonymous_24)
FNDA:3,(anonymous_25)
FNDA:5,(anonymous_28)
FNDA:1,(anonymous_31)
FNDA:1,(anonymous_34)
FNDA:3,(anonymous_37)
FNDA:1,(anonymous_40)
DA:1,1
DA:3,1
DA:4,1
DA:13,1
DA:15,23
DA:16,23
DA:23,1
DA:24,2
DA:25,2
DA:26,1
DA:28,1
DA:36,1
DA:37,7
DA:38,4
DA:40,3
DA:41,3
DA:42,1
DA:44,2
DA:52,1
DA:55,9
DA:56,9
DA:57,1
DA:59,8
DA:60,8
DA:62,15
DA:63,1
DA:66,7
DA:67,1
DA:70,6
DA:72,4
DA:73,1
DA:76,3
DA:79,5
DA:83,1
DA:87,3
DA:88,1
DA:91,2
DA:92,2
DA:94,2
DA:95,1
DA:98,1
DA:101,2
DA:106,1
DA:110,5
DA:111,2
DA:114,3
DA:116,3
DA:117,2
DA:120,1
DA:122,1
DA:123,0
DA:125,1
DA:127,1
DA:130,4
DA:135,1
DA:138,1
DA:140,0
DA:145,1
DA:147,1
DA:149,0
DA:154,1
DA:157,6
DA:159,1
DA:162,2
DA:166,1
DA:169,2
DA:171,1
DA:174,0
DA:179,1
LF:69
LH:65
BRDA:24,0,0,2
BRDA:25,1,0,1
BRDA:25,1,1,1
BRDA:37,2,0,4
BRDA:37,2,1,3
BRDA:41,3,0,1
BRDA:41,3,1,2
BRDA:63,4,0,1
BRDA:56,5,0,1
BRDA:56,5,1,8
BRDA:62,6,0,7
BRDA:62,6,1,1
BRDA:66,7,0,1
BRDA:66,7,1,6
BRDA:72,8,0,1
BRDA:72,8,1,3
BRDA:87,9,0,1
BRDA:87,9,1,2
BRDA:94,10,0,1
BRDA:94,10,1,1
BRDA:110,11,0,2
BRDA:110,11,1,3
BRDA:116,12,0,2
BRDA:116,12,1,1
BRDA:122,13,0,0
BRDA:122,13,1,1
BRDA:138,14,0,1
BRDA:147,15,0,1
BRDA:162,16,0,2
BRDA:174,17,0,0
BRF:30
BRH:28
end_of_record
TN:
SF:src\util\validator.ts
FN:1,(anonymous_0)
FN:5,(anonymous_1)
FN:6,(anonymous_2)
FN:9,(anonymous_3)
FN:10,(anonymous_4)
FN:16,(anonymous_5)
FN:22,(anonymous_6)
FN:37,(anonymous_7)
FN:41,isEmptyObject
FNF:9
FNH:9
FNDA:35,(anonymous_0)
FNDA:16,(anonymous_1)
FNDA:25,(anonymous_2)
FNDA:20,(anonymous_3)
FNDA:136,(anonymous_4)
FNDA:24,(anonymous_5)
FNDA:23,(anonymous_6)
FNDA:10,(anonymous_7)
FNDA:16,isEmptyObject
DA:1,3
DA:2,35
DA:5,57
DA:6,25
DA:9,69
DA:10,20
DA:11,136
DA:12,107
DA:16,3
DA:18,24
DA:19,1
DA:22,23
DA:23,23
DA:27,23
DA:28,23
DA:30,3
DA:33,20
DA:37,3
DA:38,10
DA:41,3
DA:42,16
DA:46,3
LF:22
LH:22
BRDA:2,0,0,35
BRDA:2,0,1,26
BRDA:2,0,2,26
BRDA:2,0,3,21
BRDA:6,1,0,25
BRDA:6,1,1,19
BRDA:10,2,0,20
BRDA:10,2,1,20
BRDA:11,3,0,29
BRDA:11,3,1,107
BRDA:18,4,0,1
BRDA:18,4,1,23
BRDA:18,5,0,24
BRDA:18,5,1,24
BRDA:38,6,0,10
BRDA:38,6,1,8
BRDA:38,6,2,8
BRDA:38,6,3,7
BRDA:42,7,0,16
BRDA:42,7,1,14
BRF:20
BRH:20
end_of_record
