TN:
SF:src\errors\errors.ts
FN:1,(anonymous_6)
FN:8,ApplicationError
FN:15,(anonymous_8)
FN:21,(anonymous_9)
FN:23,ResourcePersistenceError
FN:30,(anonymous_11)
FN:32,ResourceNotFoundError
FN:39,(anonymous_13)
FN:41,BadRequestError
FN:48,(anonymous_15)
FN:50,AuthenticationError
FN:57,(anonymous_17)
FN:59,AuthorizationError
FN:65,(anonymous_19)
FN:67,InternalServerError
FN:74,(anonymous_21)
FN:76,NotImplementedError
FNF:17
FNH:16
FNDA:4,(anonymous_6)
FNDA:44,ApplicationError
FNDA:44,(anonymous_8)
FNDA:4,(anonymous_9)
FNDA:2,ResourcePersistenceError
FNDA:4,(anonymous_11)
FNDA:6,ResourceNotFoundError
FNDA:4,(anonymous_13)
FNDA:20,BadRequestError
FNDA:4,(anonymous_15)
FNDA:1,AuthenticationError
FNDA:4,(anonymous_17)
FNDA:0,AuthorizationError
FNDA:4,(anonymous_19)
FNDA:13,InternalServerError
FNDA:4,(anonymous_21)
FNDA:2,NotImplementedError
DA:1,4
DA:9,44
DA:10,44
DA:11,44
DA:12,44
DA:15,4
DA:16,44
DA:19,4
DA:21,4
DA:24,2
DA:25,2
DA:28,4
DA:30,4
DA:33,6
DA:34,6
DA:37,4
DA:39,4
DA:42,20
DA:43,20
DA:46,4
DA:48,4
DA:51,1
DA:52,1
DA:55,4
DA:57,4
DA:60,0
DA:61,0
DA:64,4
DA:65,4
DA:68,13
DA:69,13
DA:72,4
DA:74,4
DA:77,2
DA:78,2
DA:81,4
DA:84,4
DA:85,4
DA:86,4
DA:87,4
DA:88,4
DA:89,4
DA:90,4
LF:43
LH:41
BRDA:12,0,0,0
BRDA:12,0,1,44
BRDA:24,1,0,2
BRDA:24,1,1,2
BRDA:33,2,0,6
BRDA:33,2,1,6
BRDA:42,3,0,20
BRDA:42,3,1,20
BRDA:51,4,0,1
BRDA:51,4,1,1
BRDA:60,5,0,0
BRDA:60,5,1,0
BRDA:68,6,0,13
BRDA:68,6,1,13
BRDA:77,7,0,2
BRDA:77,7,1,2
BRF:16
BRH:13
end_of_record
TN:
SF:src\models\reimb.ts
FN:1,(anonymous_0)
FN:14,Reimb
FNF:2
FNH:2
FNDA:3,(anonymous_0)
FNDA:31,Reimb
DA:1,3
DA:26,31
DA:27,31
DA:28,31
DA:29,31
DA:30,31
DA:31,31
DA:32,31
DA:33,31
DA:34,31
DA:35,31
DA:38,3
LF:12
LH:12
BRF:0
BRH:0
end_of_record
TN:
SF:src\models\user.ts
FN:1,(anonymous_0)
FN:11,User
FNF:2
FNH:2
FNDA:3,(anonymous_0)
FNDA:38,User
DA:1,3
DA:20,38
DA:21,38
DA:22,38
DA:23,38
DA:24,38
DA:25,38
DA:26,38
DA:29,3
LF:9
LH:9
BRF:0
BRH:0
end_of_record
TN:
SF:src\repos\reimb-repo.ts
FN:10,(anonymous_13)
FN:42,(anonymous_15)
FN:62,(anonymous_18)
FN:82,(anonymous_21)
FN:101,(anonymous_24)
FN:146,(anonymous_27)
FN:184,(anonymous_30)
FNF:7
FNH:7
FNDA:2,(anonymous_13)
FNDA:3,(anonymous_15)
FNDA:3,(anonymous_18)
FNDA:3,(anonymous_21)
FNDA:3,(anonymous_24)
FNDA:2,(anonymous_27)
FNDA:2,(anonymous_30)
DA:3,1
DA:7,1
DA:8,1
DA:10,1
DA:12,1
DA:42,1
DA:45,3
DA:46,3
DA:47,3
DA:48,2
DA:50,1
DA:52,3
DA:62,1
DA:65,3
DA:66,3
DA:67,3
DA:68,3
DA:70,1
DA:72,3
DA:82,1
DA:85,3
DA:86,3
DA:87,3
DA:88,2
DA:90,1
DA:92,3
DA:101,1
DA:104,3
DA:106,3
DA:107,2
DA:109,2
DA:113,2
DA:129,2
DA:131,2
DA:134,1
DA:136,3
DA:146,1
DA:149,2
DA:151,2
DA:152,1
DA:153,1
DA:154,1
DA:156,1
DA:157,1
DA:170,1
DA:172,1
DA:174,2
DA:184,1
DA:187,2
DA:188,2
DA:189,2
DA:190,1
DA:192,1
DA:194,2
DA:199,1
LF:55
LH:55
BRDA:52,0,0,3
BRDA:52,0,1,3
BRDA:72,1,0,3
BRDA:72,1,1,3
BRDA:92,2,0,3
BRDA:92,2,1,3
BRDA:136,3,0,3
BRDA:136,3,1,3
BRDA:174,4,0,2
BRDA:174,4,1,2
BRDA:194,5,0,2
BRDA:194,5,1,2
BRF:12
BRH:12
end_of_record
TN:
SF:src\repos\user-repo.ts
FN:10,(anonymous_13)
FN:31,(anonymous_15)
FN:51,(anonymous_18)
FN:71,(anonymous_21)
FN:92,(anonymous_24)
FN:112,(anonymous_27)
FN:142,(anonymous_30)
FN:163,(anonymous_33)
FNF:8
FNH:8
FNDA:2,(anonymous_13)
FNDA:3,(anonymous_15)
FNDA:3,(anonymous_18)
FNDA:3,(anonymous_21)
FNDA:3,(anonymous_24)
FNDA:3,(anonymous_27)
FNDA:2,(anonymous_30)
FNDA:2,(anonymous_33)
DA:3,1
DA:7,1
DA:8,1
DA:10,1
DA:12,1
DA:31,1
DA:34,3
DA:35,3
DA:36,3
DA:37,2
DA:39,1
DA:41,3
DA:51,1
DA:54,3
DA:55,3
DA:56,3
DA:57,3
DA:59,1
DA:61,3
DA:71,1
DA:74,3
DA:75,3
DA:76,3
DA:77,3
DA:79,1
DA:81,3
DA:92,1
DA:95,3
DA:96,3
DA:97,3
DA:98,3
DA:100,1
DA:102,3
DA:112,1
DA:115,3
DA:117,3
DA:119,2
DA:123,2
DA:125,2
DA:127,2
DA:130,1
DA:132,3
DA:142,1
DA:145,2
DA:146,2
DA:147,1
DA:148,1
DA:149,1
DA:151,1
DA:153,2
DA:163,1
DA:166,2
DA:167,2
DA:168,2
DA:169,1
DA:171,1
DA:173,2
DA:178,1
LF:58
LH:58
BRDA:41,0,0,3
BRDA:41,0,1,3
BRDA:61,1,0,3
BRDA:61,1,1,3
BRDA:81,2,0,3
BRDA:81,2,1,3
BRDA:102,3,0,3
BRDA:102,3,1,3
BRDA:132,4,0,3
BRDA:132,4,1,3
BRDA:153,5,0,2
BRDA:153,5,1,2
BRDA:173,6,0,2
BRDA:173,6,1,2
BRF:14
BRH:14
end_of_record
TN:
SF:src\services\reimb-service.ts
FN:13,(anonymous_13)
FN:15,ReimbService
FN:23,(anonymous_15)
FN:36,(anonymous_18)
FN:52,(anonymous_21)
FN:56,(anonymous_24)
FN:79,(anonymous_25)
FN:98,(anonymous_28)
FN:117,(anonymous_31)
FNF:9
FNH:9
FNDA:1,(anonymous_13)
FNDA:22,ReimbService
FNDA:2,(anonymous_15)
FNDA:7,(anonymous_18)
FNDA:5,(anonymous_21)
FNDA:5,(anonymous_24)
FNDA:2,(anonymous_25)
FNDA:6,(anonymous_28)
FNDA:1,(anonymous_31)
DA:1,1
DA:3,1
DA:4,1
DA:13,1
DA:15,22
DA:16,22
DA:23,1
DA:24,2
DA:25,2
DA:26,1
DA:28,1
DA:36,1
DA:37,7
DA:38,4
DA:40,3
DA:41,3
DA:42,1
DA:44,2
DA:52,1
DA:55,5
DA:56,5
DA:57,2
DA:59,3
DA:60,3
DA:62,5
DA:63,1
DA:66,2
DA:68,2
DA:69,1
DA:72,1
DA:75,3
DA:79,1
DA:83,2
DA:84,1
DA:87,1
DA:88,1
DA:90,1
DA:93,1
DA:98,1
DA:101,6
DA:102,1
DA:104,5
DA:105,2
DA:107,3
DA:108,1
DA:110,2
DA:112,4
DA:117,1
DA:119,1
DA:120,1
DA:122,1
DA:126,1
LF:52
LH:52
BRDA:24,0,0,2
BRDA:25,1,0,1
BRDA:25,1,1,1
BRDA:37,2,0,4
BRDA:37,2,1,3
BRDA:41,3,0,1
BRDA:41,3,1,2
BRDA:63,4,0,1
BRDA:63,4,1,2
BRDA:56,5,0,2
BRDA:56,5,1,3
BRDA:62,6,0,2
BRDA:62,6,1,1
BRDA:68,7,0,1
BRDA:68,7,1,1
BRDA:83,8,0,1
BRDA:83,8,1,1
BRDA:110,9,0,2
BRDA:101,10,0,1
BRDA:101,10,1,5
BRDA:104,11,0,2
BRDA:104,11,1,3
BRDA:107,12,0,1
BRDA:107,12,1,2
BRF:24
BRH:24
end_of_record
TN:
SF:src\services\user-service.ts
FN:13,(anonymous_13)
FN:15,UserService
FN:23,(anonymous_15)
FN:36,(anonymous_18)
FN:52,(anonymous_21)
FN:56,(anonymous_24)
FN:83,(anonymous_25)
FN:106,(anonymous_28)
FN:137,(anonymous_31)
FN:147,(anonymous_34)
FN:157,(anonymous_37)
FN:169,(anonymous_40)
FNF:12
FNH:12
FNDA:1,(anonymous_13)
FNDA:23,UserService
FNDA:2,(anonymous_15)
FNDA:7,(anonymous_18)
FNDA:9,(anonymous_21)
FNDA:9,(anonymous_24)
FNDA:3,(anonymous_25)
FNDA:5,(anonymous_28)
FNDA:1,(anonymous_31)
FNDA:1,(anonymous_34)
FNDA:3,(anonymous_37)
FNDA:1,(anonymous_40)
DA:1,1
DA:3,1
DA:4,1
DA:13,1
DA:15,23
DA:16,23
DA:23,1
DA:24,2
DA:25,2
DA:26,1
DA:28,1
DA:36,1
DA:37,7
DA:38,4
DA:40,3
DA:41,3
DA:42,1
DA:44,2
DA:52,1
DA:55,9
DA:56,9
DA:57,1
DA:59,8
DA:60,8
DA:62,15
DA:63,1
DA:66,7
DA:67,1
DA:70,6
DA:72,4
DA:73,1
DA:76,3
DA:79,5
DA:83,1
DA:87,3
DA:88,1
DA:91,2
DA:92,2
DA:94,2
DA:95,1
DA:98,1
DA:101,2
DA:106,1
DA:110,5
DA:111,2
DA:114,3
DA:116,3
DA:117,2
DA:120,1
DA:122,1
DA:123,0
DA:126,1
DA:127,1
DA:129,1
DA:132,4
DA:137,1
DA:140,1
DA:142,0
DA:147,1
DA:149,1
DA:150,1
DA:152,1
DA:157,1
DA:160,6
DA:162,1
DA:165,2
DA:169,1
DA:172,2
DA:174,1
DA:177,0
DA:182,1
LF:71
LH:68
BRDA:24,0,0,2
BRDA:25,1,0,1
BRDA:25,1,1,1
BRDA:37,2,0,4
BRDA:37,2,1,3
BRDA:41,3,0,1
BRDA:41,3,1,2
BRDA:63,4,0,1
BRDA:56,5,0,1
BRDA:56,5,1,8
BRDA:62,6,0,7
BRDA:62,6,1,1
BRDA:66,7,0,1
BRDA:66,7,1,6
BRDA:72,8,0,1
BRDA:72,8,1,3
BRDA:87,9,0,1
BRDA:87,9,1,2
BRDA:94,10,0,1
BRDA:94,10,1,1
BRDA:110,11,0,2
BRDA:110,11,1,3
BRDA:116,12,0,2
BRDA:116,12,1,1
BRDA:122,13,0,0
BRDA:122,13,1,1
BRDA:140,14,0,1
BRDA:165,15,0,2
BRDA:177,16,0,0
BRF:29
BRH:27
end_of_record
TN:
SF:src\util\validator.ts
FN:1,(anonymous_0)
FN:5,(anonymous_1)
FN:6,(anonymous_2)
FN:9,(anonymous_3)
FN:10,(anonymous_4)
FN:16,(anonymous_5)
FN:22,(anonymous_6)
FN:37,(anonymous_7)
FN:41,isEmptyObject
FNF:9
FNH:9
FNDA:32,(anonymous_0)
FNDA:16,(anonymous_1)
FNDA:25,(anonymous_2)
FNDA:20,(anonymous_3)
FNDA:130,(anonymous_4)
FNDA:24,(anonymous_5)
FNDA:23,(anonymous_6)
FNDA:10,(anonymous_7)
FNDA:14,isEmptyObject
DA:1,3
DA:2,32
DA:5,57
DA:6,25
DA:9,48
DA:10,20
DA:11,130
DA:12,129
DA:16,3
DA:18,24
DA:19,1
DA:22,23
DA:23,23
DA:27,23
DA:28,23
DA:30,3
DA:33,20
DA:37,3
DA:38,10
DA:41,3
DA:42,14
DA:46,3
LF:22
LH:22
BRDA:2,0,0,32
BRDA:2,0,1,23
BRDA:2,0,2,23
BRDA:2,0,3,18
BRDA:6,1,0,25
BRDA:6,1,1,19
BRDA:10,2,0,20
BRDA:10,2,1,20
BRDA:11,3,0,1
BRDA:11,3,1,129
BRDA:18,4,0,1
BRDA:18,4,1,23
BRDA:18,5,0,24
BRDA:18,5,1,24
BRDA:38,6,0,10
BRDA:38,6,1,8
BRDA:38,6,2,8
BRDA:38,6,3,6
BRDA:42,7,0,14
BRDA:42,7,1,12
BRF:20
BRH:20
end_of_record
